#
# There is insufficient memory for the Java Runtime Environment to continue.
# Native memory allocation (malloc) failed to allocate 876576 bytes for Chunk::new
# Possible reasons:
#   The system is out of physical RAM or swap space
#   The process is running with CompressedOops enabled, and the Java Heap may be blocking the growth of the native heap
# Possible solutions:
#   Reduce memory load on the system
#   Increase physical memory or swap space
#   Check if swap backing store is full
#   Decrease Java heap size (-Xmx/-Xms)
#   Decrease number of Java threads
#   Decrease Java thread stack sizes (-Xss)
#   Set larger code cache with -XX:ReservedCodeCacheSize=
#   JVM is running with Unscaled Compressed Oops mode in which the Java heap is
#     placed in the first 4GB address space. The Java Heap base address is the
#     maximum limit for the native heap growth. Please use -XX:HeapBaseMinAddress
#     to set the Java Heap base and to place the Java Heap above 4GB virtual address.
# This output file may be truncated or incomplete.
#
#  Out of Memory Error (allocation.cpp:389), pid=18180, tid=0x0000000000003fa0
#
# JRE version: OpenJDK Runtime Environment (8.0_242-b01) (build 1.8.0_242-release-1644-b01)
# Java VM: OpenJDK 64-Bit Server VM (25.242-b01 mixed mode windows-amd64 compressed oops)
# Failed to write core dump. Minidumps are not enabled by default on client versions of Windows
#

---------------  T H R E A D  ---------------

Current thread (0x00000000197b9000):  JavaThread "C2 CompilerThread1" daemon [_thread_in_native, id=16288, stack(0x000000001a180000,0x000000001a280000)]

Stack: [0x000000001a180000,0x000000001a280000]
[error occurred during error reporting (printing stack bounds), id 0xc0000005]

Native frames: (J=compiled Java code, j=interpreted, Vv=VM code, C=native code)


Current CompileTask:
C2:  13441 8931   !   4       java.io.ObjectOutputStream::writeObject0 (619 bytes)


---------------  P R O C E S S  ---------------

Java Threads: ( => current thread )
  0x000000002050d000 JavaThread "stdout" [_thread_in_native, id=18524, stack(0x000000002f770000,0x000000002f870000)]
  0x000000002050e000 JavaThread "stderr" [_thread_in_native, id=18120, stack(0x000000002f670000,0x000000002f770000)]
  0x0000000020514000 JavaThread "stdout" [_thread_in_native, id=9512, stack(0x000000002f570000,0x000000002f670000)]
  0x0000000020511000 JavaThread "stderr" [_thread_in_native, id=7096, stack(0x000000002f470000,0x000000002f570000)]
  0x000000002050c800 JavaThread "stdout" [_thread_in_native, id=17796, stack(0x000000002f370000,0x000000002f470000)]
  0x000000002050f800 JavaThread "stderr" [_thread_in_native, id=4800, stack(0x000000002f270000,0x000000002f370000)]
  0x0000000020512800 JavaThread "WorkerExecutor Queue Thread 8" [_thread_blocked, id=8464, stack(0x000000002f170000,0x000000002f270000)]
  0x000000002050e800 JavaThread "stdout" [_thread_in_native, id=7420, stack(0x000000002f070000,0x000000002f170000)]
  0x0000000021f20000 JavaThread "stderr" [_thread_in_native, id=6920, stack(0x000000002ef70000,0x000000002f070000)]
  0x0000000021f1d800 JavaThread "stdout" [_thread_in_native, id=13524, stack(0x000000002ee70000,0x000000002ef70000)]
  0x0000000021f23000 JavaThread "stderr" [_thread_in_native, id=11492, stack(0x000000002ed70000,0x000000002ee70000)]
  0x0000000021f21800 JavaThread "stdout" [_thread_in_native, id=14712, stack(0x000000002ec70000,0x000000002ed70000)]
  0x0000000021f20800 JavaThread "stderr" [_thread_in_native, id=7392, stack(0x000000002eb70000,0x000000002ec70000)]
  0x0000000021f1d000 JavaThread "WorkerExecutor Queue Thread 7" [_thread_blocked, id=15040, stack(0x000000002ea70000,0x000000002eb70000)]
  0x0000000021f1e800 JavaThread "stdout" [_thread_in_native, id=17952, stack(0x000000002e280000,0x000000002e380000)]
  0x0000000021f22000 JavaThread "stderr" [_thread_in_native, id=3320, stack(0x000000002e070000,0x000000002e170000)]
  0x0000000021f1f000 JavaThread "WorkerExecutor Queue Thread 6" [_thread_blocked, id=7104, stack(0x000000002e970000,0x000000002ea70000)]
  0x0000000021f15800 JavaThread "pool-2-thread-1" [_thread_blocked, id=7844, stack(0x000000002e180000,0x000000002e280000)]
  0x0000000021f1c000 JavaThread "WorkerExecutor Queue Thread 5" [_thread_blocked, id=7304, stack(0x000000002e870000,0x000000002e970000)]
  0x0000000021f1b800 JavaThread "WorkerExecutor Queue Thread 4" [_thread_blocked, id=228, stack(0x000000002e770000,0x000000002e870000)]
  0x0000000021f1a000 JavaThread "WorkerExecutor Queue Thread 3" [_thread_blocked, id=19416, stack(0x000000002e670000,0x000000002e770000)]
  0x0000000021f17800 JavaThread "WorkerExecutor Queue Thread 2" [_thread_blocked, id=5872, stack(0x000000002e570000,0x000000002e670000)]
  0x0000000021f16000 JavaThread "WorkerExecutor Queue" [_thread_blocked, id=7460, stack(0x000000002e470000,0x000000002e570000)]
  0x0000000021f18800 JavaThread "Cache worker for execution history cache (D:\Study\year 3\Semester 2\Android\Trip-Planner\TravelPlanner\.gradle\6.5\executionHistory)" [_thread_blocked, id=17804, stack(0x000000002d970000,0x000000002da70000)]
  0x0000000021f1a800 JavaThread "Execution worker for ':' Thread 7" [_thread_blocked, id=4692, stack(0x000000002d770000,0x000000002d870000)]
  0x0000000021b58000 JavaThread "Execution worker for ':' Thread 6" [_thread_blocked, id=18252, stack(0x000000002d670000,0x000000002d770000)]
  0x0000000021b56000 JavaThread "Execution worker for ':' Thread 5" [_thread_blocked, id=12956, stack(0x000000002d570000,0x000000002d670000)]
  0x0000000021b56800 JavaThread "Execution worker for ':' Thread 4" [_thread_blocked, id=10608, stack(0x000000002d470000,0x000000002d570000)]
  0x0000000021b5b000 JavaThread "Execution worker for ':' Thread 3" [_thread_blocked, id=1660, stack(0x000000002d370000,0x000000002d470000)]
  0x0000000021b5a800 JavaThread "Execution worker for ':' Thread 2" [_thread_blocked, id=10588, stack(0x000000002d270000,0x000000002d370000)]
  0x0000000021b5c000 JavaThread "Execution worker for ':'" [_thread_blocked, id=12104, stack(0x000000002c120000,0x000000002c220000)]
  0x0000000021b59800 JavaThread "Cache worker for file content cache (D:\Study\year 3\Semester 2\Android\Trip-Planner\TravelPlanner\.gradle\6.5\fileContent)" [_thread_blocked, id=12880, stack(0x000000002b9f0000,0x000000002baf0000)]
  0x0000000021b59000 JavaThread "Memory manager" [_thread_blocked, id=16784, stack(0x000000002a930000,0x000000002aa30000)]
  0x0000000021b55000 JavaThread "Cache worker for Build Output Cleanup Cache (D:\Study\year 3\Semester 2\Android\Trip-Planner\TravelPlanner\.gradle\buildOutputCleanup)" [_thread_blocked, id=19128, stack(0x000000002acf0000,0x000000002adf0000)]
  0x0000000021be8800 JavaThread "jar transforms Thread 94" [_thread_blocked, id=18904, stack(0x000000002a630000,0x000000002a730000)]
  0x0000000021be8000 JavaThread "jar transforms Thread 93" [_thread_blocked, id=14704, stack(0x000000002a530000,0x000000002a630000)]
  0x0000000021be7000 JavaThread "jar transforms Thread 92" [_thread_blocked, id=6132, stack(0x000000002a430000,0x000000002a530000)]
  0x0000000021beb000 JavaThread "jar transforms Thread 91" [_thread_blocked, id=11340, stack(0x000000002a330000,0x000000002a430000)]
  0x0000000021beb800 JavaThread "jar transforms Thread 90" [_thread_blocked, id=10104, stack(0x000000002a230000,0x000000002a330000)]
  0x0000000021be5000 JavaThread "jar transforms Thread 89" [_thread_blocked, id=17100, stack(0x000000002a130000,0x000000002a230000)]
  0x0000000021be6800 JavaThread "jar transforms Thread 88" [_thread_blocked, id=3760, stack(0x000000002a030000,0x000000002a130000)]
  0x0000000021be5800 JavaThread "jar transforms Thread 87" [_thread_blocked, id=11652, stack(0x0000000029f30000,0x000000002a030000)]
  0x0000000021be9800 JavaThread "jar transforms Thread 86" [_thread_blocked, id=14932, stack(0x0000000029e30000,0x0000000029f30000)]
  0x0000000021bea000 JavaThread "jar transforms Thread 85" [_thread_blocked, id=19336, stack(0x0000000029d30000,0x0000000029e30000)]
  0x0000000021bde000 JavaThread "jar transforms Thread 84" [_thread_blocked, id=16356, stack(0x0000000029c30000,0x0000000029d30000)]
  0x0000000021be4000 JavaThread "jar transforms Thread 83" [_thread_blocked, id=18208, stack(0x0000000029b30000,0x0000000029c30000)]
  0x0000000021bdc800 JavaThread "jar transforms Thread 82" [_thread_blocked, id=16908, stack(0x0000000029a30000,0x0000000029b30000)]
  0x0000000021be2000 JavaThread "jar transforms Thread 81" [_thread_blocked, id=8568, stack(0x0000000029930000,0x0000000029a30000)]
  0x0000000021be1000 JavaThread "jar transforms Thread 80" [_thread_blocked, id=8176, stack(0x0000000029830000,0x0000000029930000)]
  0x0000000021bdf000 JavaThread "jar transforms Thread 79" [_thread_blocked, id=3548, stack(0x0000000029730000,0x0000000029830000)]
  0x0000000021bdf800 JavaThread "jar transforms Thread 78" [_thread_blocked, id=6328, stack(0x0000000029630000,0x0000000029730000)]
  0x0000000021bdd800 JavaThread "jar transforms Thread 77" [_thread_blocked, id=1352, stack(0x0000000029530000,0x0000000029630000)]
  0x0000000021be3800 JavaThread "jar transforms Thread 76" [_thread_blocked, id=14952, stack(0x0000000029430000,0x0000000029530000)]
  0x0000000021be0800 JavaThread "jar transforms Thread 75" [_thread_blocked, id=2476, stack(0x0000000029330000,0x0000000029430000)]
  0x0000000021be2800 JavaThread "jar transforms Thread 74" [_thread_blocked, id=6544, stack(0x0000000029230000,0x0000000029330000)]
  0x000000001ca76800 JavaThread "jar transforms Thread 73" [_thread_blocked, id=2188, stack(0x0000000029130000,0x0000000029230000)]
  0x000000001ca75800 JavaThread "jar transforms Thread 72" [_thread_blocked, id=2552, stack(0x0000000029030000,0x0000000029130000)]
  0x000000001ca78000 JavaThread "jar transforms Thread 71" [_thread_blocked, id=16180, stack(0x0000000028f30000,0x0000000029030000)]
  0x000000001ca7a800 JavaThread "jar transforms Thread 70" [_thread_blocked, id=4296, stack(0x0000000028e30000,0x0000000028f30000)]
  0x000000001ca79800 JavaThread "jar transforms Thread 69" [_thread_blocked, id=9756, stack(0x0000000028d30000,0x0000000028e30000)]
  0x000000001ca75000 JavaThread "jar transforms Thread 68" [_thread_blocked, id=17696, stack(0x0000000028c30000,0x0000000028d30000)]
  0x000000001ca77000 JavaThread "jar transforms Thread 67" [_thread_blocked, id=7368, stack(0x0000000028b30000,0x0000000028c30000)]
  0x000000001ca78800 JavaThread "jar transforms Thread 66" [_thread_blocked, id=18096, stack(0x0000000028a30000,0x0000000028b30000)]
  0x000000001ca6d800 JavaThread "jar transforms Thread 65" [_thread_blocked, id=10760, stack(0x0000000028930000,0x0000000028a30000)]
  0x000000001ca74000 JavaThread "jar transforms Thread 64" [_thread_blocked, id=12300, stack(0x0000000028830000,0x0000000028930000)]
  0x000000001ca73800 JavaThread "jar transforms Thread 63" [_thread_blocked, id=10348, stack(0x0000000028730000,0x0000000028830000)]
  0x000000001ca6c000 JavaThread "jar transforms Thread 62" [_thread_blocked, id=11036, stack(0x0000000028630000,0x0000000028730000)]
  0x000000001ca72800 JavaThread "jar transforms Thread 61" [_thread_blocked, id=17468, stack(0x0000000028530000,0x0000000028630000)]
  0x000000001ca6e000 JavaThread "jar transforms Thread 60" [_thread_blocked, id=252, stack(0x0000000028430000,0x0000000028530000)]
  0x000000001ca6b000 JavaThread "jar transforms Thread 59" [_thread_blocked, id=13784, stack(0x0000000028330000,0x0000000028430000)]
  0x000000001ca6c800 JavaThread "jar transforms Thread 58" [_thread_blocked, id=4720, stack(0x0000000028230000,0x0000000028330000)]
  0x000000001ca71000 JavaThread "jar transforms Thread 57" [_thread_blocked, id=10352, stack(0x0000000028130000,0x0000000028230000)]
  0x000000001ca70800 JavaThread "jar transforms Thread 56" [_thread_blocked, id=284, stack(0x0000000028030000,0x0000000028130000)]
  0x000000001ca72000 JavaThread "jar transforms Thread 55" [_thread_blocked, id=8444, stack(0x0000000027f30000,0x0000000028030000)]
  0x000000001ca6f000 JavaThread "jar transforms Thread 54" [_thread_blocked, id=7028, stack(0x0000000027e30000,0x0000000027f30000)]
  0x000000001ca6f800 JavaThread "jar transforms Thread 53" [_thread_blocked, id=19324, stack(0x0000000027d30000,0x0000000027e30000)]
  0x0000000021f49800 JavaThread "jar transforms Thread 52" [_thread_blocked, id=12852, stack(0x0000000027c30000,0x0000000027d30000)]
  0x0000000021f45000 JavaThread "jar transforms Thread 51" [_thread_blocked, id=4100, stack(0x0000000027b30000,0x0000000027c30000)]
  0x0000000021f46800 JavaThread "jar transforms Thread 50" [_thread_blocked, id=18908, stack(0x0000000027a30000,0x0000000027b30000)]
  0x0000000021f47800 JavaThread "jar transforms Thread 49" [_thread_blocked, id=16792, stack(0x0000000027930000,0x0000000027a30000)]
  0x0000000021f49000 JavaThread "jar transforms Thread 48" [_thread_blocked, id=9876, stack(0x0000000027830000,0x0000000027930000)]
  0x0000000021f48000 JavaThread "jar transforms Thread 47" [_thread_blocked, id=7092, stack(0x0000000027730000,0x0000000027830000)]
  0x0000000021f46000 JavaThread "jar transforms Thread 46" [_thread_blocked, id=19080, stack(0x0000000027630000,0x0000000027730000)]
  0x0000000021f4a800 JavaThread "jar transforms Thread 45" [_thread_blocked, id=18732, stack(0x0000000027530000,0x0000000027630000)]
  0x0000000021f3d800 JavaThread "jar transforms Thread 44" [_thread_blocked, id=12064, stack(0x0000000027430000,0x0000000027530000)]
  0x0000000021f44800 JavaThread "jar transforms Thread 43" [_thread_blocked, id=18780, stack(0x0000000027330000,0x0000000027430000)]
  0x0000000021f3d000 JavaThread "jar transforms Thread 42" [_thread_blocked, id=16440, stack(0x0000000027230000,0x0000000027330000)]
  0x0000000021f43800 JavaThread "jar transforms Thread 41" [_thread_blocked, id=17292, stack(0x0000000027130000,0x0000000027230000)]
  0x0000000021f3c000 JavaThread "jar transforms Thread 40" [_thread_blocked, id=17732, stack(0x0000000027030000,0x0000000027130000)]
  0x0000000021f43000 JavaThread "jar transforms Thread 39" [_thread_blocked, id=14580, stack(0x0000000026f30000,0x0000000027030000)]
  0x0000000021f3b800 JavaThread "jar transforms Thread 38" [_thread_blocked, id=4984, stack(0x0000000026e30000,0x0000000026f30000)]
  0x0000000021f40000 JavaThread "jar transforms Thread 37" [_thread_blocked, id=5972, stack(0x0000000026d30000,0x0000000026e30000)]
  0x0000000021f3e800 JavaThread "jar transforms Thread 36" [_thread_blocked, id=18092, stack(0x0000000026c30000,0x0000000026d30000)]
  0x0000000021f3f000 JavaThread "jar transforms Thread 35" [_thread_blocked, id=13724, stack(0x0000000026b30000,0x0000000026c30000)]
  0x0000000021f41800 JavaThread "jar transforms Thread 34" [_thread_blocked, id=17728, stack(0x0000000026a30000,0x0000000026b30000)]
  0x0000000021f40800 JavaThread "jar transforms Thread 33" [_thread_blocked, id=13560, stack(0x0000000026930000,0x0000000026a30000)]
  0x0000000021f42000 JavaThread "jar transforms Thread 32" [_thread_blocked, id=14892, stack(0x0000000026830000,0x0000000026930000)]
  0x0000000021237000 JavaThread "jar transforms Thread 31" [_thread_blocked, id=9816, stack(0x0000000024200000,0x0000000024300000)]
  0x0000000021236800 JavaThread "jar transforms Thread 30" [_thread_blocked, id=14472, stack(0x0000000026730000,0x0000000026830000)]
  0x0000000021235800 JavaThread "jar transforms Thread 29" [_thread_blocked, id=10876, stack(0x0000000026630000,0x0000000026730000)]
  0x000000002122e000 JavaThread "jar transforms Thread 28" [_thread_blocked, id=9352, stack(0x0000000026530000,0x0000000026630000)]
  0x0000000021235000 JavaThread "jar transforms Thread 27" [_thread_blocked, id=10000, stack(0x0000000026430000,0x0000000026530000)]
  0x0000000021234000 JavaThread "jar transforms Thread 26" [_thread_blocked, id=15668, stack(0x0000000026330000,0x0000000026430000)]
  0x0000000021233800 JavaThread "jar transforms Thread 25" [_thread_blocked, id=17664, stack(0x0000000026230000,0x0000000026330000)]
  0x000000002122c800 JavaThread "jar transforms Thread 24" [_thread_blocked, id=11948, stack(0x0000000026130000,0x0000000026230000)]
  0x0000000021232800 JavaThread "jar transforms Thread 23" [_thread_blocked, id=8916, stack(0x0000000026030000,0x0000000026130000)]
  0x0000000021232000 JavaThread "jar transforms Thread 22" [_thread_blocked, id=1716, stack(0x0000000025f30000,0x0000000026030000)]
  0x000000002122d800 JavaThread "jar transforms Thread 21" [_thread_blocked, id=6016, stack(0x0000000025e30000,0x0000000025f30000)]
  0x000000002122b000 JavaThread "jar transforms Thread 20" [_thread_blocked, id=1196, stack(0x0000000025d30000,0x0000000025e30000)]
  0x0000000021231000 JavaThread "jar transforms Thread 19" [_thread_blocked, id=8016, stack(0x0000000025c30000,0x0000000025d30000)]
  0x0000000021229800 JavaThread "jar transforms Thread 18" [_thread_blocked, id=16444, stack(0x0000000025b30000,0x0000000025c30000)]
  0x0000000021230800 JavaThread "jar transforms Thread 17" [_thread_blocked, id=3540, stack(0x0000000025a30000,0x0000000025b30000)]
  0x000000002122c000 JavaThread "jar transforms Thread 16" [_thread_blocked, id=2876, stack(0x0000000025930000,0x0000000025a30000)]
  0x0000000021229000 JavaThread "jar transforms Thread 15" [_thread_blocked, id=8928, stack(0x0000000025830000,0x0000000025930000)]
  0x000000002122f800 JavaThread "jar transforms Thread 14" [_thread_blocked, id=15052, stack(0x0000000025730000,0x0000000025830000)]
  0x0000000021228000 JavaThread "jar transforms Thread 13" [_thread_blocked, id=4340, stack(0x0000000025630000,0x0000000025730000)]
  0x000000002122f000 JavaThread "jar transforms Thread 12" [_thread_blocked, id=1488, stack(0x0000000025530000,0x0000000025630000)]
  0x000000002122a800 JavaThread "jar transforms Thread 11" [_thread_blocked, id=14160, stack(0x0000000025430000,0x0000000025530000)]
  0x000000001aa13800 JavaThread "jar transforms Thread 10" [_thread_blocked, id=6128, stack(0x0000000025330000,0x0000000025430000)]
  0x000000001aa12800 JavaThread "jar transforms Thread 9" [_thread_blocked, id=1944, stack(0x0000000025230000,0x0000000025330000)]
  0x000000001aa19800 JavaThread "jar transforms Thread 8" [_thread_blocked, id=17328, stack(0x0000000025130000,0x0000000025230000)]
  0x000000001aa12000 JavaThread "jar transforms Thread 7" [_thread_blocked, id=7112, stack(0x0000000025030000,0x0000000025130000)]
  0x000000001aa18800 JavaThread "jar transforms Thread 6" [_thread_blocked, id=9612, stack(0x0000000024f30000,0x0000000025030000)]
  0x000000001aa14000 JavaThread "jar transforms Thread 5" [_thread_blocked, id=19448, stack(0x0000000024e30000,0x0000000024f30000)]
  0x000000001aa11000 JavaThread "jar transforms Thread 4" [_thread_blocked, id=14400, stack(0x0000000024d30000,0x0000000024e30000)]
  0x000000001aa18000 JavaThread "jar transforms Thread 3" [_thread_blocked, id=14232, stack(0x0000000024c30000,0x0000000024d30000)]
  0x000000001aa17000 JavaThread "jar transforms Thread 2" [_thread_blocked, id=19120, stack(0x0000000024b30000,0x0000000024c30000)]
  0x000000001aa16800 JavaThread "Build operations Thread 8" [_thread_blocked, id=15172, stack(0x0000000024a30000,0x0000000024b30000)]
  0x000000001aa10800 JavaThread "Build operations Thread 7" [_thread_blocked, id=16316, stack(0x0000000024930000,0x0000000024a30000)]
  0x000000001aa15800 JavaThread "Build operations Thread 6" [_thread_in_Java, id=11464, stack(0x0000000024830000,0x0000000024930000)]
  0x000000001aa15000 JavaThread "Build operations Thread 5" [_thread_blocked, id=17148, stack(0x0000000024730000,0x0000000024830000)]
  0x000000001aa0b000 JavaThread "Build operations Thread 4" [_thread_blocked, id=6216, stack(0x0000000024630000,0x0000000024730000)]
  0x000000001aa0f800 JavaThread "Build operations Thread 3" [_thread_blocked, id=18652, stack(0x0000000024530000,0x0000000024630000)]
  0x000000001aa0a800 JavaThread "Build operations Thread 2" [_thread_blocked, id=12936, stack(0x0000000024430000,0x0000000024530000)]
  0x000000001aa0d800 JavaThread "Build operations" [_thread_blocked, id=15228, stack(0x0000000024330000,0x0000000024430000)]
  0x000000001c331800 JavaThread "Cache worker for file content cache (C:\Users\DELL\.gradle\caches\6.5\fileContent)" [_thread_blocked, id=18020, stack(0x0000000022b30000,0x0000000022c30000)]
  0x000000001c330000 JavaThread "jar transforms" [_thread_blocked, id=5824, stack(0x00000000222a0000,0x00000000223a0000)]
  0x000000001c32c000 JavaThread "Cache worker for execution history cache (C:\Users\DELL\.gradle\caches\6.5\executionHistory)" [_thread_blocked, id=13060, stack(0x00000000221a0000,0x00000000222a0000)]
  0x000000001c32f000 JavaThread "Cache worker for cache directory md-rule (C:\Users\DELL\.gradle\caches\6.5\md-rule)" [_thread_blocked, id=18160, stack(0x00000000220a0000,0x00000000221a0000)]
  0x000000001c32b800 JavaThread "Cache worker for cache directory md-supplier (C:\Users\DELL\.gradle\caches\6.5\md-supplier)" [_thread_blocked, id=17780, stack(0x0000000020d40000,0x0000000020e40000)]
  0x000000001c32a800 JavaThread "Cache worker for checksums cache (D:\Study\year 3\Semester 2\Android\Trip-Planner\TravelPlanner\.gradle\checksums)" [_thread_blocked, id=12532, stack(0x0000000020c40000,0x0000000020d40000)]
  0x000000001c330800 JavaThread "Cache worker for file hash cache (D:\Study\year 3\Semester 2\Android\Trip-Planner\TravelPlanner\.gradle\6.5\fileHashes)" [_thread_blocked, id=16448, stack(0x0000000022430000,0x0000000022530000)]
  0x000000001c32e800 JavaThread "Cache worker for file hash cache (C:\Users\DELL\.gradle\caches\6.5\fileHashes)" [_thread_blocked, id=14544, stack(0x000000001e7a0000,0x000000001e8a0000)]
  0x000000001c32d000 JavaThread "File lock request listener" [_thread_in_native, id=16496, stack(0x000000001e6a0000,0x000000001e7a0000)]
  0x000000001c416800 JavaThread "Cache worker for journal cache (C:\Users\DELL\.gradle\caches\journal-1)" [_thread_blocked, id=10096, stack(0x000000001e5a0000,0x000000001e6a0000)]
  0x000000001c398800 JavaThread "Thread-9" [_thread_blocked, id=5372, stack(0x000000001e2a0000,0x000000001e3a0000)]
  0x000000001c3b8000 JavaThread "Stdin handler" [_thread_blocked, id=13104, stack(0x000000001e1a0000,0x000000001e2a0000)]
  0x000000001c3b7800 JavaThread "Asynchronous log dispatcher for DefaultDaemonConnection: socket connection from /127.0.0.1:53383 to /127.0.0.1:53384" [_thread_blocked, id=17216, stack(0x000000001e0a0000,0x000000001e1a0000)]
  0x000000001c3c1000 JavaThread "Daemon worker" [_thread_blocked, id=9988, stack(0x000000001dfa0000,0x000000001e0a0000)]
  0x000000001c3c0000 JavaThread "Cancel handler" [_thread_blocked, id=2124, stack(0x000000001dda0000,0x000000001dea0000)]
  0x000000001c262000 JavaThread "Handler for socket connection from /127.0.0.1:53383 to /127.0.0.1:53384" [_thread_in_native, id=12972, stack(0x000000001daa0000,0x000000001dba0000)]
  0x000000001c25d800 JavaThread "Daemon" [_thread_blocked, id=13624, stack(0x000000001d9a0000,0x000000001daa0000)]
  0x000000001c2d5000 JavaThread "Daemon periodic checks" [_thread_blocked, id=18992, stack(0x000000001d8a0000,0x000000001d9a0000)]
  0x000000001c27d000 JavaThread "Incoming local TCP Connector on port 53383" [_thread_in_native, id=4756, stack(0x000000001d660000,0x000000001d760000)]
  0x000000001c137800 JavaThread "Daemon health stats" [_thread_blocked, id=624, stack(0x000000001d020000,0x000000001d120000)]
  0x000000001984a800 JavaThread "Service Thread" daemon [_thread_blocked, id=4136, stack(0x000000001a480000,0x000000001a580000)]
  0x00000000197bd800 JavaThread "C1 CompilerThread3" daemon [_thread_blocked, id=16464, stack(0x000000001a380000,0x000000001a480000)]
  0x00000000197ba800 JavaThread "C2 CompilerThread2" daemon [_thread_in_native, id=9640, stack(0x000000001a280000,0x000000001a380000)]
=>0x00000000197b9000 JavaThread "C2 CompilerThread1" daemon [_thread_in_native, id=16288, stack(0x000000001a180000,0x000000001a280000)]
  0x00000000197b2000 JavaThread "C2 CompilerThread0" daemon [_thread_in_native, id=4648, stack(0x000000001a080000,0x000000001a180000)]
  0x00000000197b1000 JavaThread "Attach Listener" daemon [_thread_blocked, id=3492, stack(0x0000000019f80000,0x000000001a080000)]
  0x00000000197af000 JavaThread "Signal Dispatcher" daemon [_thread_blocked, id=15552, stack(0x0000000019e80000,0x0000000019f80000)]
  0x0000000017992000 JavaThread "Finalizer" daemon [_thread_blocked, id=5888, stack(0x0000000019c80000,0x0000000019d80000)]
  0x0000000002919000 JavaThread "Reference Handler" daemon [_thread_blocked, id=14556, stack(0x0000000019b80000,0x0000000019c80000)]
  0x0000000002822800 JavaThread "main" [_thread_blocked, id=8108, stack(0x0000000002720000,0x0000000002820000)]

Other Threads:
  0x0000000017985800 VMThread [stack: 0x0000000019680000,0x0000000019780000] [id=11788]
  0x000000001984b800 WatcherThread [stack: 0x000000001a580000,0x000000001a680000] [id=16688]

VM state:not at safepoint (normal execution)

VM Mutex/Monitor currently owned by a thread: None

heap address: 0x0000000080000000, size: 2048 MB, Compressed Oops mode: 32-bit
Narrow klass base: 0x0000000000000000, Narrow klass shift: 3
Compressed class space size: 1073741824 Address: 0x0000000100000000

Heap:
 PSYoungGen      total 352256K, used 172114K [0x00000000d5580000, 0x00000000ec700000, 0x0000000100000000)
  eden space 327168K, 44% used [0x00000000d5580000,0x00000000de5154f8,0x00000000e9500000)
  from space 25088K, 99% used [0x00000000e9500000,0x00000000ead7f3c8,0x00000000ead80000)
  to   space 18432K, 0% used [0x00000000ead80000,0x00000000ead80000,0x00000000ebf80000)
 ParOldGen       total 215552K, used 49668K [0x0000000080000000, 0x000000008d280000, 0x00000000d5580000)
  object space 215552K, 23% used [0x0000000080000000,0x0000000083081058,0x000000008d280000)
 Metaspace       used 66601K, capacity 69986K, committed 70168K, reserved 1110016K
  class space    used 9118K, capacity 9759K, committed 9776K, reserved 1048576K

Card table byte_map: [0x0000000011ce0000,0x00000000120f0000] byte_map_base: 0x00000000118e0000

Marking Bits: (ParMarkBitMap*) 0x0000000057e4f030
 Begin Bits: [0x0000000012ba0000, 0x0000000014ba0000)
 End Bits:   [0x0000000014ba0000, 0x0000000016ba0000)

Polling page: 0x0000000000e60000

CodeCache: size=245760Kb used=26426Kb max_used=26428Kb free=219333Kb
 bounds [0x0000000002920000, 0x0000000004310000, 0x0000000011920000]
 total_blobs=8785 nmethods=7992 adapters=705
 compilation: enabled

Compilation events (10 events):
Event: 13.428 Thread 0x00000000197bd800 9158       2       org.gradle.internal.serialize.BaseSerializerFactory$StringSerializer::write (8 bytes)
Event: 13.428 Thread 0x00000000197bd800 nmethod 9158 0x00000000042f6b50 code [0x00000000042f6cc0, 0x00000000042f6e48]
Event: 13.433 Thread 0x00000000197bd800 9159       2       org.gradle.internal.snapshot.impl.AbstractScalarValueSnapshot::snapshot (33 bytes)
Event: 13.434 Thread 0x00000000197bd800 nmethod 9159 0x00000000042f6590 code [0x00000000042f6720, 0x00000000042f69c8]
Event: 13.436 Thread 0x00000000197bd800 9160       2       org.gradle.internal.vfs.impl.DefaultVirtualFileSystem$$Lambda$260/1396847183::update (10 bytes)
Event: 13.436 Thread 0x00000000197bd800 nmethod 9160 0x00000000042f6190 code [0x00000000042f6300, 0x00000000042f6488]
Event: 13.436 Thread 0x00000000197bd800 9161       2       org.gradle.internal.vfs.impl.DefaultVirtualFileSystem::lambda$snapshot$12 (13 bytes)
Event: 13.436 Thread 0x00000000197bd800 nmethod 9161 0x00000000042f5dd0 code [0x00000000042f5f40, 0x00000000042f60a8]
Event: 13.438 Thread 0x00000000197bd800 9162       2       org.gradle.internal.fingerprint.classpath.impl.ClasspathFingerprintingStrategy::getHashingStrategy (4 bytes)
Event: 13.439 Thread 0x00000000197bd800 nmethod 9162 0x0000000004303090 code [0x00000000043031e0, 0x0000000004303330]

GC Heap History (10 events):
Event: 3.670 GC heap before
{Heap before GC invocations=8 (full 2):
 PSYoungGen      total 233984K, used 8398K [0x00000000d5580000, 0x00000000e4b80000, 0x0000000100000000)
  eden space 218112K, 0% used [0x00000000d5580000,0x00000000d5580000,0x00000000e2a80000)
  from space 15872K, 52% used [0x00000000e3900000,0x00000000e4133898,0x00000000e4880000)
  to   space 14848K, 0% used [0x00000000e2a80000,0x00000000e2a80000,0x00000000e3900000)
 ParOldGen       total 92672K, used 10497K [0x0000000080000000, 0x0000000085a80000, 0x00000000d5580000)
  object space 92672K, 11% used [0x0000000080000000,0x0000000080a405f0,0x0000000085a80000)
 Metaspace       used 34346K, capacity 35420K, committed 35496K, reserved 1079296K
  class space    used 4727K, capacity 5003K, committed 5040K, reserved 1048576K
Event: 3.710 GC heap after
Heap after GC invocations=8 (full 2):
 PSYoungGen      total 233984K, used 0K [0x00000000d5580000, 0x00000000e4b80000, 0x0000000100000000)
  eden space 218112K, 0% used [0x00000000d5580000,0x00000000d5580000,0x00000000e2a80000)
  from space 15872K, 0% used [0x00000000e3900000,0x00000000e3900000,0x00000000e4880000)
  to   space 14848K, 0% used [0x00000000e2a80000,0x00000000e2a80000,0x00000000e3900000)
 ParOldGen       total 138752K, used 14759K [0x0000000080000000, 0x0000000088780000, 0x00000000d5580000)
  object space 138752K, 10% used [0x0000000080000000,0x0000000080e69d40,0x0000000088780000)
 Metaspace       used 34346K, capacity 35420K, committed 35496K, reserved 1079296K
  class space    used 4727K, capacity 5003K, committed 5040K, reserved 1048576K
}
Event: 5.358 GC heap before
{Heap before GC invocations=9 (full 2):
 PSYoungGen      total 233984K, used 218112K [0x00000000d5580000, 0x00000000e4b80000, 0x0000000100000000)
  eden space 218112K, 100% used [0x00000000d5580000,0x00000000e2a80000,0x00000000e2a80000)
  from space 15872K, 0% used [0x00000000e3900000,0x00000000e3900000,0x00000000e4880000)
  to   space 14848K, 0% used [0x00000000e2a80000,0x00000000e2a80000,0x00000000e3900000)
 ParOldGen       total 138752K, used 14759K [0x0000000080000000, 0x0000000088780000, 0x00000000d5580000)
  object space 138752K, 10% used [0x0000000080000000,0x0000000080e69d40,0x0000000088780000)
 Metaspace       used 46114K, capacity 47914K, committed 48168K, reserved 1091584K
  class space    used 6241K, capacity 6617K, committed 6704K, reserved 1048576K
Event: 5.378 GC heap after
Heap after GC invocations=9 (full 2):
 PSYoungGen      total 232960K, used 14847K [0x00000000d5580000, 0x00000000ebf80000, 0x0000000100000000)
  eden space 218112K, 0% used [0x00000000d5580000,0x00000000d5580000,0x00000000e2a80000)
  from space 14848K, 99% used [0x00000000e2a80000,0x00000000e38ffc60,0x00000000e3900000)
  to   space 18432K, 0% used [0x00000000ead80000,0x00000000ead80000,0x00000000ebf80000)
 ParOldGen       total 138752K, used 17757K [0x0000000080000000, 0x0000000088780000, 0x00000000d5580000)
  object space 138752K, 12% used [0x0000000080000000,0x00000000811577f0,0x0000000088780000)
 Metaspace       used 46114K, capacity 47914K, committed 48168K, reserved 1091584K
  class space    used 6241K, capacity 6617K, committed 6704K, reserved 1048576K
}
Event: 7.239 GC heap before
{Heap before GC invocations=10 (full 2):
 PSYoungGen      total 232960K, used 184137K [0x00000000d5580000, 0x00000000ebf80000, 0x0000000100000000)
  eden space 218112K, 77% used [0x00000000d5580000,0x00000000dfad2958,0x00000000e2a80000)
  from space 14848K, 99% used [0x00000000e2a80000,0x00000000e38ffc60,0x00000000e3900000)
  to   space 18432K, 0% used [0x00000000ead80000,0x00000000ead80000,0x00000000ebf80000)
 ParOldGen       total 138752K, used 17757K [0x0000000080000000, 0x0000000088780000, 0x00000000d5580000)
  object space 138752K, 12% used [0x0000000080000000,0x00000000811577f0,0x0000000088780000)
 Metaspace       used 56512K, capacity 58892K, committed 59160K, reserved 1099776K
  class space    used 7731K, capacity 8210K, committed 8240K, reserved 1048576K
Event: 7.269 GC heap after
Heap after GC invocations=10 (full 2):
 PSYoungGen      total 345600K, used 18412K [0x00000000d5580000, 0x00000000ec700000, 0x0000000100000000)
  eden space 327168K, 0% used [0x00000000d5580000,0x00000000d5580000,0x00000000e9500000)
  from space 18432K, 99% used [0x00000000ead80000,0x00000000ebf7b310,0x00000000ebf80000)
  to   space 25088K, 0% used [0x00000000e9500000,0x00000000e9500000,0x00000000ead80000)
 ParOldGen       total 138752K, used 26526K [0x0000000080000000, 0x0000000088780000, 0x00000000d5580000)
  object space 138752K, 19% used [0x0000000080000000,0x00000000819e79a8,0x0000000088780000)
 Metaspace       used 56512K, capacity 58892K, committed 59160K, reserved 1099776K
  class space    used 7731K, capacity 8210K, committed 8240K, reserved 1048576K
}
Event: 7.269 GC heap before
{Heap before GC invocations=11 (full 3):
 PSYoungGen      total 345600K, used 18412K [0x00000000d5580000, 0x00000000ec700000, 0x0000000100000000)
  eden space 327168K, 0% used [0x00000000d5580000,0x00000000d5580000,0x00000000e9500000)
  from space 18432K, 99% used [0x00000000ead80000,0x00000000ebf7b310,0x00000000ebf80000)
  to   space 25088K, 0% used [0x00000000e9500000,0x00000000e9500000,0x00000000ead80000)
 ParOldGen       total 138752K, used 26526K [0x0000000080000000, 0x0000000088780000, 0x00000000d5580000)
  object space 138752K, 19% used [0x0000000080000000,0x00000000819e79a8,0x0000000088780000)
 Metaspace       used 56512K, capacity 58892K, committed 59160K, reserved 1099776K
  class space    used 7731K, capacity 8210K, committed 8240K, reserved 1048576K
Event: 7.595 GC heap after
Heap after GC invocations=11 (full 3):
 PSYoungGen      total 345600K, used 0K [0x00000000d5580000, 0x00000000ec700000, 0x0000000100000000)
  eden space 327168K, 0% used [0x00000000d5580000,0x00000000d5580000,0x00000000e9500000)
  from space 18432K, 0% used [0x00000000ead80000,0x00000000ead80000,0x00000000ebf80000)
  to   space 25088K, 0% used [0x00000000e9500000,0x00000000e9500000,0x00000000ead80000)
 ParOldGen       total 215552K, used 39032K [0x0000000080000000, 0x000000008d280000, 0x00000000d5580000)
  object space 215552K, 18% used [0x0000000080000000,0x000000008261e3f0,0x000000008d280000)
 Metaspace       used 56485K, capacity 58802K, committed 59160K, reserved 1099776K
  class space    used 7723K, capacity 8195K, committed 8240K, reserved 1048576K
}
Event: 11.840 GC heap before
{Heap before GC invocations=12 (full 3):
 PSYoungGen      total 345600K, used 327168K [0x00000000d5580000, 0x00000000ec700000, 0x0000000100000000)
  eden space 327168K, 100% used [0x00000000d5580000,0x00000000e9500000,0x00000000e9500000)
  from space 18432K, 0% used [0x00000000ead80000,0x00000000ead80000,0x00000000ebf80000)
  to   space 25088K, 0% used [0x00000000e9500000,0x00000000e9500000,0x00000000ead80000)
 ParOldGen       total 215552K, used 39032K [0x0000000080000000, 0x000000008d280000, 0x00000000d5580000)
  object space 215552K, 18% used [0x0000000080000000,0x000000008261e3f0,0x000000008d280000)
 Metaspace       used 65399K, capacity 68690K, committed 68760K, reserved 1107968K
  class space    used 8997K, capacity 9633K, committed 9648K, reserved 1048576K
Event: 11.876 GC heap after
Heap after GC invocations=12 (full 3):
 PSYoungGen      total 352256K, used 25084K [0x00000000d5580000, 0x00000000ec700000, 0x0000000100000000)
  eden space 327168K, 0% used [0x00000000d5580000,0x00000000d5580000,0x00000000e9500000)
  from space 25088K, 99% used [0x00000000e9500000,0x00000000ead7f3c8,0x00000000ead80000)
  to   space 18432K, 0% used [0x00000000ead80000,0x00000000ead80000,0x00000000ebf80000)
 ParOldGen       total 215552K, used 49668K [0x0000000080000000, 0x000000008d280000, 0x00000000d5580000)
  object space 215552K, 23% used [0x0000000080000000,0x0000000083081058,0x000000008d280000)
 Metaspace       used 65399K, capacity 68690K, committed 68760K, reserved 1107968K
  class space    used 8997K, capacity 9633K, committed 9648K, reserved 1048576K
}

Deoptimization events (10 events):
Event: 12.851 Thread 0x0000000021b58000 Uncommon trap: reason=unstable_if action=reinterpret pc=0x00000000041a5adc method=com.google.common.collect.AbstractMapBasedMultimap$WrappedCollection.refreshIfEmpty()V @ 45
Event: 12.852 Thread 0x0000000021b58000 Uncommon trap: reason=class_check action=maybe_recompile pc=0x000000000419a670 method=com.sun.org.apache.xerces.internal.dom.ElementImpl.getAttributes()Lorg/w3c/dom/NamedNodeMap; @ 8
Event: 12.853 Thread 0x0000000021b58000 Uncommon trap: reason=class_check action=maybe_recompile pc=0x000000000419a670 method=com.sun.org.apache.xerces.internal.dom.ElementImpl.getAttributes()Lorg/w3c/dom/NamedNodeMap; @ 8
Event: 12.853 Thread 0x0000000021b58000 Uncommon trap: reason=class_check action=maybe_recompile pc=0x000000000419a670 method=com.sun.org.apache.xerces.internal.dom.ElementImpl.getAttributes()Lorg/w3c/dom/NamedNodeMap; @ 8
Event: 12.853 Thread 0x0000000021b58000 Uncommon trap: reason=class_check action=maybe_recompile pc=0x000000000419a670 method=com.sun.org.apache.xerces.internal.dom.ElementImpl.getAttributes()Lorg/w3c/dom/NamedNodeMap; @ 8
Event: 12.886 Thread 0x0000000021b58000 Uncommon trap: reason=class_check action=maybe_recompile pc=0x000000000417bd00 method=com.sun.org.apache.xerces.internal.dom.NamedNodeMapImpl.item(I)Lorg/w3c/dom/Node; @ 33
Event: 12.887 Thread 0x0000000021b58000 Uncommon trap: reason=null_check action=make_not_entrant pc=0x00000000040e75d8 method=com.sun.org.apache.xerces.internal.dom.NamedNodeMapImpl.findNamePoint(Ljava/lang/String;Ljava/lang/String;)I @ 105
Event: 12.922 Thread 0x0000000021b58000 Uncommon trap: reason=unstable_if action=reinterpret pc=0x0000000004173bdc method=com.android.utils.XmlUtils.toXmlAttributeValue(Ljava/lang/String;)Ljava/lang/String; @ 33
Event: 13.228 Thread 0x0000000021f18800 Uncommon trap: reason=unstable_if action=reinterpret pc=0x0000000003d0d4f8 method=com.google.common.collect.MapMakerInternalMap$Segment.drainKeyReferenceQueue(Ljava/lang/ref/ReferenceQueue;)V @ 8
Event: 13.317 Thread 0x000000001c3c1000 Uncommon trap: reason=unstable_if action=reinterpret pc=0x00000000034b3e18 method=com.google.common.collect.RegularImmutableMap.get(Ljava/lang/Object;[Lcom/google/common/collect/ImmutableMapEntry;I)Ljava/lang/Object; @ 5

Classes redefined (0 events):
No events

Internal exceptions (10 events):
Event: 12.391 Thread 0x0000000021b58000 Implicit null exception at 0x0000000004146597 to 0x0000000004146919
Event: 12.468 Thread 0x0000000021b58000 Implicit null exception at 0x0000000004187fc7 to 0x000000000418a3e5
Event: 12.887 Thread 0x0000000021b58000 Implicit null exception at 0x00000000040e69fa to 0x00000000040e75b3
Event: 13.053 Thread 0x0000000021b58000 Exception <a 'java/lang/NoSuchMethodError': <clinit>> (0x00000000dc37bcd0) thrown at [C:\src\AOSP-openjdk-git\hotspot\src\share\vm\prims\jni.cpp, line 1615]
Event: 13.055 Thread 0x0000000021b58000 Exception <a 'java/lang/NoSuchMethodError': <clinit>> (0x00000000dc38c970) thrown at [C:\src\AOSP-openjdk-git\hotspot\src\share\vm\prims\jni.cpp, line 1615]
Event: 13.057 Thread 0x0000000021b58000 Exception <a 'java/lang/NoSuchMethodError': <clinit>> (0x00000000dc39cd90) thrown at [C:\src\AOSP-openjdk-git\hotspot\src\share\vm\prims\jni.cpp, line 1615]
Event: 13.059 Thread 0x0000000021b58000 Exception <a 'java/lang/NoSuchMethodError': <clinit>> (0x00000000dc3b05e8) thrown at [C:\src\AOSP-openjdk-git\hotspot\src\share\vm\prims\jni.cpp, line 1615]
Event: 13.066 Thread 0x0000000021b58000 Exception <a 'java/lang/NoSuchMethodError': <clinit>> (0x00000000dc429408) thrown at [C:\src\AOSP-openjdk-git\hotspot\src\share\vm\prims\jni.cpp, line 1615]
Event: 13.249 Thread 0x000000001c3c1000 Exception <a 'java/lang/NoSuchMethodError': <clinit>> (0x00000000dd524208) thrown at [C:\src\AOSP-openjdk-git\hotspot\src\share\vm\prims\jni.cpp, line 1615]
Event: 13.317 Thread 0x000000001c3c1000 Implicit null exception at 0x00000000034b3cbf to 0x00000000034b3e09

Events (10 events):
Event: 13.260 Thread 0x0000000020514000 Thread added: 0x0000000020514000
Event: 13.264 Thread 0x000000001c3c1000 DEOPT PACKING pc=0x0000000003b28a69 sp=0x000000001e09a1d0
Event: 13.264 Thread 0x000000001c3c1000 DEOPT UNPACKING pc=0x00000000029675d0 sp=0x000000001e099f40 mode 0
Event: 13.271 Thread 0x000000002050e000 Thread added: 0x000000002050e000
Event: 13.271 Thread 0x000000002050d000 Thread added: 0x000000002050d000
Event: 13.317 Thread 0x000000001c3c1000 Uncommon trap: trap_request=0xffffff65 fr.pc=0x00000000034b3e18
Event: 13.317 Thread 0x000000001c3c1000 DEOPT PACKING pc=0x00000000034b3e18 sp=0x000000001e099bd0
Event: 13.317 Thread 0x000000001c3c1000 DEOPT UNPACKING pc=0x000000000296557b sp=0x000000001e099b58 mode 2
Event: 13.318 loading class com/android/build/gradle/tasks/ProcessApplicationManifest$optionalFeaturesString$1
Event: 13.318 loading class com/android/build/gradle/tasks/ProcessApplicationManifest$optionalFeaturesString$1 done


Dynamic libraries:
0x00007ff762eb0000 - 0x00007ff762ee1000 	C:\Program Files\Android\Android Studio\jre\bin\java.exe
0x00007ffda5ca0000 - 0x00007ffda5e90000 	C:\WINDOWS\SYSTEM32\ntdll.dll
0x00007ffda41b0000 - 0x00007ffda4262000 	C:\WINDOWS\System32\KERNEL32.DLL
0x00007ffda37a0000 - 0x00007ffda3a45000 	C:\WINDOWS\System32\KERNELBASE.dll
0x00007ffda3dd0000 - 0x00007ffda3e73000 	C:\WINDOWS\System32\ADVAPI32.dll
0x00007ffda4470000 - 0x00007ffda450e000 	C:\WINDOWS\System32\msvcrt.dll
0x00007ffda4ba0000 - 0x00007ffda4c37000 	C:\WINDOWS\System32\sechost.dll
0x00007ffda3fd0000 - 0x00007ffda40ef000 	C:\WINDOWS\System32\RPCRT4.dll
0x00007ffda5650000 - 0x00007ffda57e4000 	C:\WINDOWS\System32\USER32.dll
0x00007ffda3bd0000 - 0x00007ffda3bf1000 	C:\WINDOWS\System32\win32u.dll
0x00007ffda4440000 - 0x00007ffda4466000 	C:\WINDOWS\System32\GDI32.dll
0x00007ffda2c10000 - 0x00007ffda2da8000 	C:\WINDOWS\System32\gdi32full.dll
0x00007ffda3c50000 - 0x00007ffda3cee000 	C:\WINDOWS\System32\msvcp_win.dll
0x00007ffda36a0000 - 0x00007ffda379a000 	C:\WINDOWS\System32\ucrtbase.dll
0x00007ffd89640000 - 0x00007ffd898c4000 	C:\WINDOWS\WinSxS\amd64_microsoft.windows.common-controls_6595b64144ccf1df_6.0.18362.1440_none_9e7dbfb9e45e8e67\COMCTL32.dll
0x00007ffda5920000 - 0x00007ffda5c56000 	C:\WINDOWS\System32\combase.dll
0x00007ffda2e60000 - 0x00007ffda2ee1000 	C:\WINDOWS\System32\bcryptPrimitives.dll
0x00007ffda53c0000 - 0x00007ffda53ee000 	C:\WINDOWS\System32\IMM32.DLL
0x00000000574c0000 - 0x0000000057592000 	C:\Program Files\Android\Android Studio\jre\jre\bin\msvcr100.dll
0x0000000057680000 - 0x0000000057ecb000 	C:\Program Files\Android\Android Studio\jre\jre\bin\server\jvm.dll
0x00007ffda54c0000 - 0x00007ffda54c8000 	C:\WINDOWS\System32\PSAPI.DLL
0x00007ffd9f410000 - 0x00007ffd9f434000 	C:\WINDOWS\SYSTEM32\WINMM.dll
0x00007ffd8c4f0000 - 0x00007ffd8c4f9000 	C:\WINDOWS\SYSTEM32\WSOCK32.dll
0x00007ffd99020000 - 0x00007ffd9902a000 	C:\WINDOWS\SYSTEM32\VERSION.dll
0x00007ffda43d0000 - 0x00007ffda443f000 	C:\WINDOWS\System32\WS2_32.dll
0x00007ffd9f3e0000 - 0x00007ffd9f40d000 	C:\WINDOWS\SYSTEM32\winmmbase.dll
0x00007ffda3c00000 - 0x00007ffda3c4a000 	C:\WINDOWS\System32\cfgmgr32.dll
0x00007ffd9efb0000 - 0x00007ffd9efbf000 	C:\Program Files\Android\Android Studio\jre\jre\bin\verify.dll
0x00007ffd9eeb0000 - 0x00007ffd9eed9000 	C:\Program Files\Android\Android Studio\jre\jre\bin\java.dll
0x00007ffd7fd90000 - 0x00007ffd7fda6000 	C:\Program Files\Android\Android Studio\jre\jre\bin\zip.dll
0x00007ffda4cd0000 - 0x00007ffda53b8000 	C:\WINDOWS\System32\SHELL32.dll
0x00007ffda55a0000 - 0x00007ffda5647000 	C:\WINDOWS\System32\shcore.dll
0x00007ffda2f20000 - 0x00007ffda369b000 	C:\WINDOWS\System32\windows.storage.dll
0x00007ffda2bd0000 - 0x00007ffda2bee000 	C:\WINDOWS\System32\profapi.dll
0x00007ffda2b60000 - 0x00007ffda2baa000 	C:\WINDOWS\System32\powrprof.dll
0x00007ffda2b50000 - 0x00007ffda2b60000 	C:\WINDOWS\System32\UMPDC.dll
0x00007ffda57f0000 - 0x00007ffda5842000 	C:\WINDOWS\System32\shlwapi.dll
0x00007ffda2bb0000 - 0x00007ffda2bc1000 	C:\WINDOWS\System32\kernel.appcore.dll
0x00007ffda3a50000 - 0x00007ffda3a67000 	C:\WINDOWS\System32\cryptsp.dll
0x00007ffd7d010000 - 0x00007ffd7d02a000 	C:\Program Files\Android\Android Studio\jre\jre\bin\net.dll
0x00007ffda2390000 - 0x00007ffda23f7000 	C:\WINDOWS\system32\mswsock.dll
0x00007ffd7cff0000 - 0x00007ffd7d003000 	C:\Program Files\Android\Android Studio\jre\jre\bin\nio.dll
0x00007ffd75c20000 - 0x00007ffd75c47000 	C:\Users\DELL\.gradle\native\f6784746aeab05261644944871eae4fe03e0ef1612fff0a4a95f87b438bc6780\windows-amd64\native-platform.dll
0x00007ffd94ff0000 - 0x00007ffd94ffd000 	C:\Program Files\Android\Android Studio\jre\jre\bin\management.dll
0x00007ffda1eb0000 - 0x00007ffda1ee3000 	C:\WINDOWS\system32\rsaenh.dll
0x00007ffda2ef0000 - 0x00007ffda2f16000 	C:\WINDOWS\System32\bcrypt.dll
0x00007ffda2a30000 - 0x00007ffda2a55000 	C:\WINDOWS\SYSTEM32\USERENV.dll
0x00007ffda2560000 - 0x00007ffda256c000 	C:\WINDOWS\SYSTEM32\CRYPTBASE.dll
0x00007ffda20a0000 - 0x00007ffda20da000 	C:\WINDOWS\SYSTEM32\IPHLPAPI.DLL
0x00007ffda3fc0000 - 0x00007ffda3fc8000 	C:\WINDOWS\System32\NSI.dll
0x00007ffd94730000 - 0x00007ffd94746000 	C:\WINDOWS\SYSTEM32\dhcpcsvc6.DLL
0x00007ffd94710000 - 0x00007ffd9472c000 	C:\WINDOWS\SYSTEM32\dhcpcsvc.DLL
0x00007ffda20e0000 - 0x00007ffda21ab000 	C:\WINDOWS\SYSTEM32\DNSAPI.dll
0x00007ffd9c6e0000 - 0x00007ffd9c6eb000 	C:\WINDOWS\SYSTEM32\WINNSI.DLL

VM Arguments:
jvm_args: -Xmx2048m -Dfile.encoding=UTF-8 -Duser.country=US -Duser.language=en -Duser.variant 
java_command: org.gradle.launcher.daemon.bootstrap.GradleDaemon 6.5
java_class_path (initial): C:\Users\DELL\.gradle\wrapper\dists\gradle-6.5-all\2oz4ud9k3tuxjg84bbf55q0tn\gradle-6.5\lib\gradle-launcher-6.5.jar
Launcher Type: SUN_STANDARD

Environment Variables:
PATH=C:\Program Files (x86)\Razer\ChromaBroadcast\bin;C:\Program Files\Razer\ChromaBroadcast\bin;C:\Program Files\Common Files\Oracle\Java\javapath;C:\Program Files (x86)\Common Files\Oracle\Java\javapath;C:\WINDOWS\system32;C:\WINDOWS;C:\WINDOWS\System32\Wbem;C:\WINDOWS\System32\WindowsPowerShell\v1.0\;C:\WINDOWS\System32\OpenSSH\;C:\Program Files\dotnet\;C:\Program Files (x86)\Intel\Intel(R) Management Engine Components\DAL;C:\Program Files\Intel\Intel(R) Management Engine Components\DAL;C:\Program Files\Git\cmd;C:\MinGW\bin;C:\Program Files\nodejs\;C:\Program Files (x86)\dotnet\;C:\Program Files\MySQL\MySQL Shell 8.0\bin\;C:\Users\DELL\AppData\Local\Microsoft\WindowsApps;C:\Users\DELL\AppData\Local\GitHubDesktop\bin;C:\Users\DELL\AppData\Local\Microsoft\WindowsApps;C:\Users\DELL\AppData\Local\Programs\Microsoft VS Code\bin;C:\Program Files (x86)\MySQL\Connector J 8.0;C:\Users\DELL\AppData\Roaming\npm;C:\Program Files\MySQL\MySQL Shell 8.0\bin\;C:\Users\DELL\AppData\Local\Microsoft\WindowsApps;C:\Users\DELL\AppData\Local\GitHubDesktop\bin;C:\Users\DELL\AppData\Local\Microsoft\WindowsApps;C:\Users\DELL\AppData\Local\Programs\Microsoft VS Code\bin;C:\MinGW\bin;C:\Program Files (x86)\MySQL\Connector J 8.0;C:\Users\DELL\AppData\Roaming\npm
USERNAME=DELL
OS=Windows_NT
PROCESSOR_IDENTIFIER=Intel64 Family 6 Model 142 Stepping 10, GenuineIntel



---------------  S Y S T E M  ---------------

OS: Windows 10.0 , 64 bit Build 18362 (10.0.18362.1350)

CPU:total 8 (initial active 8) (4 cores per cpu, 2 threads per core) family 6 model 142 stepping 10, cmov, cx8, fxsr, mmx, sse, sse2, sse3, ssse3, sse4.1, sse4.2, popcnt, avx, avx2, aes, clmul, erms, 3dnowpref, lzcnt, ht, tsc, tscinvbit, bmi1, bmi2, adx

Memory: 4k page, physical 16583412k(3335252k free), swap 17631988k(5052k free)

vm_info: OpenJDK 64-Bit Server VM (25.242-b01) for windows-amd64 JRE (1.8.0_242-release-1644-b01), built by "builder" with MS VC++ 10.0 (VS2010)

time: Sun Apr 04 16:49:52 2021
timezone: SE Asia Standard Time
elapsed time: 13 seconds (0d 0h 0m 13s)

