#
# There is insufficient memory for the Java Runtime Environment to continue.
# Native memory allocation (malloc) failed to allocate 949616 bytes for Chunk::new
# Possible reasons:
#   The system is out of physical RAM or swap space
#   The process is running with CompressedOops enabled, and the Java Heap may be blocking the growth of the native heap
# Possible solutions:
#   Reduce memory load on the system
#   Increase physical memory or swap space
#   Check if swap backing store is full
#   Decrease Java heap size (-Xmx/-Xms)
#   Decrease number of Java threads
#   Decrease Java thread stack sizes (-Xss)
#   Set larger code cache with -XX:ReservedCodeCacheSize=
#   JVM is running with Unscaled Compressed Oops mode in which the Java heap is
#     placed in the first 4GB address space. The Java Heap base address is the
#     maximum limit for the native heap growth. Please use -XX:HeapBaseMinAddress
#     to set the Java Heap base and to place the Java Heap above 4GB virtual address.
# This output file may be truncated or incomplete.
#
#  Out of Memory Error (allocation.cpp:389), pid=17364, tid=0x00000000000009c8
#
# JRE version: OpenJDK Runtime Environment (8.0_242-b01) (build 1.8.0_242-release-1644-b01)
# Java VM: OpenJDK 64-Bit Server VM (25.242-b01 mixed mode windows-amd64 compressed oops)
# Failed to write core dump. Minidumps are not enabled by default on client versions of Windows
#

---------------  T H R E A D  ---------------

Current thread (0x00000000197e6000):  JavaThread "C2 CompilerThread0" daemon [_thread_in_native, id=2504, stack(0x000000001a0b0000,0x000000001a1b0000)]

Stack: [0x000000001a0b0000,0x000000001a1b0000]
[error occurred during error reporting (printing stack bounds), id 0xc0000005]

Native frames: (J=compiled Java code, j=interpreted, Vv=VM code, C=native code)


Current CompileTask:
C2:   9998 7484       4       org.gradle.internal.snapshot.SnapshotUtil::getSnapshotFromChild (41 bytes)


---------------  P R O C E S S  ---------------

Java Threads: ( => current thread )
  0x000000002349a800 JavaThread "Cache worker for execution history cache (D:\Study\year 3\Semester 2\Android\Trip-Planner\TravelPlanner\.gradle\6.5\executionHistory)" [_thread_blocked, id=3008, stack(0x000000002d8f0000,0x000000002d9f0000)]
  0x00000000234a0800 JavaThread "Execution worker for ':' Thread 7" [_thread_blocked, id=4620, stack(0x000000002d7f0000,0x000000002d8f0000)]
  0x000000002349d800 JavaThread "Execution worker for ':' Thread 6" [_thread_blocked, id=17904, stack(0x000000002d6f0000,0x000000002d7f0000)]
  0x0000000023499000 JavaThread "Execution worker for ':' Thread 5" [_thread_blocked, id=18244, stack(0x000000002d5f0000,0x000000002d6f0000)]
  0x000000002349f000 JavaThread "Execution worker for ':' Thread 4" [_thread_blocked, id=7236, stack(0x000000002d4f0000,0x000000002d5f0000)]
  0x00000000234a0000 JavaThread "Execution worker for ':' Thread 3" [_thread_in_vm, id=17244, stack(0x000000002d3f0000,0x000000002d4f0000)]
  0x000000001ce32800 JavaThread "Execution worker for ':' Thread 2" [_thread_blocked, id=15860, stack(0x000000002d2f0000,0x000000002d3f0000)]
  0x000000001ce31800 JavaThread "Execution worker for ':'" [_thread_blocked, id=18356, stack(0x000000002d1f0000,0x000000002d2f0000)]
  0x000000001ce2f800 JavaThread "Cache worker for file content cache (D:\Study\year 3\Semester 2\Android\Trip-Planner\TravelPlanner\.gradle\6.5\fileContent)" [_thread_blocked, id=3236, stack(0x000000002a9a0000,0x000000002aaa0000)]
  0x000000001ce2e800 JavaThread "Memory manager" [_thread_blocked, id=17056, stack(0x000000002a730000,0x000000002a830000)]
  0x000000001ce25800 JavaThread "Cache worker for Build Output Cleanup Cache (D:\Study\year 3\Semester 2\Android\Trip-Planner\TravelPlanner\.gradle\buildOutputCleanup)" [_thread_blocked, id=9740, stack(0x000000002a8a0000,0x000000002a9a0000)]
  0x000000001ce25000 JavaThread "jar transforms Thread 94" [_thread_blocked, id=18392, stack(0x000000002a630000,0x000000002a730000)]
  0x000000001ce2b800 JavaThread "jar transforms Thread 93" [_thread_blocked, id=17284, stack(0x000000002a530000,0x000000002a630000)]
  0x000000001ce2b000 JavaThread "jar transforms Thread 92" [_thread_blocked, id=15500, stack(0x000000002a430000,0x000000002a530000)]
  0x000000001ce29800 JavaThread "jar transforms Thread 91" [_thread_blocked, id=17960, stack(0x000000002a330000,0x000000002a430000)]
  0x000000001ce2a000 JavaThread "jar transforms Thread 90" [_thread_blocked, id=11252, stack(0x000000002a230000,0x000000002a330000)]
  0x000000001ce28800 JavaThread "jar transforms Thread 89" [_thread_blocked, id=2976, stack(0x000000002a130000,0x000000002a230000)]
  0x000000001ce23800 JavaThread "jar transforms Thread 88" [_thread_blocked, id=2660, stack(0x000000002a030000,0x000000002a130000)]
  0x000000001ce28000 JavaThread "jar transforms Thread 87" [_thread_blocked, id=15416, stack(0x0000000029f30000,0x000000002a030000)]
  0x000000001ce27000 JavaThread "jar transforms Thread 86" [_thread_blocked, id=11244, stack(0x0000000029e30000,0x0000000029f30000)]
  0x000000001ce24000 JavaThread "jar transforms Thread 85" [_thread_blocked, id=17540, stack(0x0000000029d30000,0x0000000029e30000)]
  0x000000001ce26800 JavaThread "jar transforms Thread 84" [_thread_blocked, id=3440, stack(0x0000000029c30000,0x0000000029d30000)]
  0x000000002012d800 JavaThread "jar transforms Thread 83" [_thread_blocked, id=15396, stack(0x0000000029b30000,0x0000000029c30000)]
  0x000000002012c000 JavaThread "jar transforms Thread 82" [_thread_blocked, id=17360, stack(0x0000000029a30000,0x0000000029b30000)]
  0x000000002012b000 JavaThread "jar transforms Thread 81" [_thread_blocked, id=12080, stack(0x0000000029930000,0x0000000029a30000)]
  0x000000002012a800 JavaThread "jar transforms Thread 80" [_thread_blocked, id=1636, stack(0x0000000029830000,0x0000000029930000)]
  0x000000002012c800 JavaThread "jar transforms Thread 79" [_thread_blocked, id=1776, stack(0x0000000029730000,0x0000000029830000)]
  0x0000000020129800 JavaThread "jar transforms Thread 78" [_thread_blocked, id=8312, stack(0x0000000029630000,0x0000000029730000)]
  0x0000000020129000 JavaThread "jar transforms Thread 77" [_thread_blocked, id=10844, stack(0x0000000029530000,0x0000000029630000)]
  0x000000002012e000 JavaThread "jar transforms Thread 76" [_thread_blocked, id=17532, stack(0x0000000029430000,0x0000000029530000)]
  0x0000000020121800 JavaThread "jar transforms Thread 75" [_thread_blocked, id=17588, stack(0x0000000029330000,0x0000000029430000)]
  0x0000000020123800 JavaThread "jar transforms Thread 74" [_thread_blocked, id=18332, stack(0x0000000029230000,0x0000000029330000)]
  0x0000000020123000 JavaThread "jar transforms Thread 73" [_thread_blocked, id=8264, stack(0x0000000029130000,0x0000000029230000)]
  0x0000000020128000 JavaThread "jar transforms Thread 72" [_thread_blocked, id=12076, stack(0x0000000029030000,0x0000000029130000)]
  0x0000000020127800 JavaThread "jar transforms Thread 71" [_thread_blocked, id=3376, stack(0x0000000028f30000,0x0000000029030000)]
  0x0000000020120000 JavaThread "jar transforms Thread 70" [_thread_blocked, id=7644, stack(0x0000000028e30000,0x0000000028f30000)]
  0x0000000020126800 JavaThread "jar transforms Thread 69" [_thread_blocked, id=6636, stack(0x0000000028d30000,0x0000000028e30000)]
  0x0000000020125000 JavaThread "jar transforms Thread 68" [_thread_blocked, id=15012, stack(0x0000000028c30000,0x0000000028d30000)]
  0x0000000020124800 JavaThread "jar transforms Thread 67" [_thread_blocked, id=15276, stack(0x0000000028b30000,0x0000000028c30000)]
  0x0000000020120800 JavaThread "jar transforms Thread 66" [_thread_blocked, id=6652, stack(0x0000000028a30000,0x0000000028b30000)]
  0x0000000020122000 JavaThread "jar transforms Thread 65" [_thread_blocked, id=15452, stack(0x0000000028930000,0x0000000028a30000)]
  0x000000002011f000 JavaThread "jar transforms Thread 64" [_thread_blocked, id=5292, stack(0x0000000028830000,0x0000000028930000)]
  0x0000000020126000 JavaThread "jar transforms Thread 63" [_thread_blocked, id=12444, stack(0x0000000028730000,0x0000000028830000)]
  0x000000002011a800 JavaThread "jar transforms Thread 62" [_thread_blocked, id=2576, stack(0x0000000028630000,0x0000000028730000)]
  0x000000002011b000 JavaThread "jar transforms Thread 61" [_thread_blocked, id=5260, stack(0x0000000028530000,0x0000000028630000)]
  0x000000002011d800 JavaThread "jar transforms Thread 60" [_thread_blocked, id=14744, stack(0x0000000028430000,0x0000000028530000)]
  0x0000000020117800 JavaThread "jar transforms Thread 59" [_thread_blocked, id=12708, stack(0x0000000028330000,0x0000000028430000)]
  0x000000002011e000 JavaThread "jar transforms Thread 58" [_thread_blocked, id=15492, stack(0x0000000028230000,0x0000000028330000)]
  0x0000000020119800 JavaThread "jar transforms Thread 57" [_thread_blocked, id=17144, stack(0x0000000028130000,0x0000000028230000)]
  0x0000000020119000 JavaThread "jar transforms Thread 56" [_thread_blocked, id=6432, stack(0x0000000028030000,0x0000000028130000)]
  0x000000002011c800 JavaThread "jar transforms Thread 55" [_thread_blocked, id=4836, stack(0x0000000027f30000,0x0000000028030000)]
  0x0000000020116800 JavaThread "jar transforms Thread 54" [_thread_blocked, id=17636, stack(0x0000000027e30000,0x0000000027f30000)]
  0x0000000020118000 JavaThread "jar transforms Thread 53" [_thread_blocked, id=3356, stack(0x0000000027d30000,0x0000000027e30000)]
  0x000000002011c000 JavaThread "jar transforms Thread 52" [_thread_blocked, id=19444, stack(0x0000000027c30000,0x0000000027d30000)]
  0x0000000020110000 JavaThread "jar transforms Thread 51" [_thread_blocked, id=19056, stack(0x0000000027b30000,0x0000000027c30000)]
  0x0000000020116000 JavaThread "jar transforms Thread 50" [_thread_blocked, id=15644, stack(0x0000000027a30000,0x0000000027b30000)]
  0x0000000020111800 JavaThread "jar transforms Thread 49" [_thread_blocked, id=17656, stack(0x0000000027930000,0x0000000027a30000)]
  0x0000000020114800 JavaThread "jar transforms Thread 48" [_thread_blocked, id=3336, stack(0x0000000027830000,0x0000000027930000)]
  0x0000000020115000 JavaThread "jar transforms Thread 47" [_thread_blocked, id=15236, stack(0x0000000027730000,0x0000000027830000)]
  0x0000000020113800 JavaThread "jar transforms Thread 46" [_thread_blocked, id=16140, stack(0x0000000027630000,0x0000000027730000)]
  0x000000002010f000 JavaThread "jar transforms Thread 45" [_thread_blocked, id=17832, stack(0x0000000027530000,0x0000000027630000)]
  0x0000000020112000 JavaThread "jar transforms Thread 44" [_thread_blocked, id=16512, stack(0x0000000027430000,0x0000000027530000)]
  0x0000000020113000 JavaThread "jar transforms Thread 43" [_thread_blocked, id=14224, stack(0x0000000027330000,0x0000000027430000)]
  0x0000000020110800 JavaThread "jar transforms Thread 42" [_thread_blocked, id=1240, stack(0x0000000027230000,0x0000000027330000)]
  0x000000001ffa8800 JavaThread "jar transforms Thread 41" [_thread_blocked, id=11504, stack(0x0000000027130000,0x0000000027230000)]
  0x000000001ffa8000 JavaThread "jar transforms Thread 40" [_thread_blocked, id=16700, stack(0x0000000027030000,0x0000000027130000)]
  0x000000001ffa0800 JavaThread "jar transforms Thread 39" [_thread_blocked, id=15752, stack(0x0000000026f30000,0x0000000027030000)]
  0x000000001ffa7000 JavaThread "jar transforms Thread 38" [_thread_blocked, id=11692, stack(0x0000000026e30000,0x0000000026f30000)]
  0x000000001ffa3800 JavaThread "jar transforms Thread 37" [_thread_blocked, id=18776, stack(0x0000000026d30000,0x0000000026e30000)]
  0x000000001ffa5000 JavaThread "jar transforms Thread 36" [_thread_blocked, id=2668, stack(0x0000000026c30000,0x0000000026d30000)]
  0x000000001ffa4000 JavaThread "jar transforms Thread 35" [_thread_blocked, id=1892, stack(0x0000000026b30000,0x0000000026c30000)]
  0x000000001ffa5800 JavaThread "jar transforms Thread 34" [_thread_blocked, id=11152, stack(0x0000000026a30000,0x0000000026b30000)]
  0x000000001ffa6800 JavaThread "jar transforms Thread 33" [_thread_blocked, id=15320, stack(0x0000000026930000,0x0000000026a30000)]
  0x000000001ffa2800 JavaThread "jar transforms Thread 32" [_thread_blocked, id=11032, stack(0x0000000026830000,0x0000000026930000)]
  0x000000001ffa2000 JavaThread "jar transforms Thread 31" [_thread_blocked, id=18100, stack(0x0000000026730000,0x0000000026830000)]
  0x000000001ffa1000 JavaThread "jar transforms Thread 30" [_thread_blocked, id=6512, stack(0x0000000026630000,0x0000000026730000)]
  0x000000001ff9c800 JavaThread "jar transforms Thread 29" [_thread_blocked, id=16380, stack(0x0000000026530000,0x0000000026630000)]
  0x000000001ff99800 JavaThread "jar transforms Thread 28" [_thread_blocked, id=13772, stack(0x0000000026430000,0x0000000026530000)]
  0x000000001ff9f800 JavaThread "jar transforms Thread 27" [_thread_blocked, id=10836, stack(0x0000000026330000,0x0000000026430000)]
  0x000000001ff9c000 JavaThread "jar transforms Thread 26" [_thread_blocked, id=14844, stack(0x0000000026230000,0x0000000026330000)]
  0x000000001ff9f000 JavaThread "jar transforms Thread 25" [_thread_blocked, id=7424, stack(0x0000000026130000,0x0000000026230000)]
  0x000000001ff9e000 JavaThread "jar transforms Thread 24" [_thread_blocked, id=15540, stack(0x0000000026030000,0x0000000026130000)]
  0x000000001ff9b000 JavaThread "jar transforms Thread 23" [_thread_blocked, id=17400, stack(0x0000000025f30000,0x0000000026030000)]
  0x000000001ff9d800 JavaThread "jar transforms Thread 22" [_thread_blocked, id=18056, stack(0x0000000025e30000,0x0000000025f30000)]
  0x000000001ff9a800 JavaThread "jar transforms Thread 21" [_thread_blocked, id=11764, stack(0x0000000025d30000,0x0000000025e30000)]
  0x000000001a81d800 JavaThread "jar transforms Thread 20" [_thread_blocked, id=15952, stack(0x0000000025c30000,0x0000000025d30000)]
  0x000000001a81d000 JavaThread "jar transforms Thread 19" [_thread_blocked, id=18944, stack(0x0000000025b30000,0x0000000025c30000)]
  0x000000001a81c000 JavaThread "jar transforms Thread 18" [_thread_blocked, id=18076, stack(0x0000000025a30000,0x0000000025b30000)]
  0x000000001a81b800 JavaThread "jar transforms Thread 17" [_thread_blocked, id=17132, stack(0x0000000025930000,0x0000000025a30000)]
  0x000000001a821800 JavaThread "jar transforms Thread 16" [_thread_blocked, id=15404, stack(0x0000000025830000,0x0000000025930000)]
  0x000000001a81a800 JavaThread "jar transforms Thread 15" [_thread_blocked, id=16620, stack(0x0000000025730000,0x0000000025830000)]
  0x000000001a820800 JavaThread "jar transforms Thread 14" [_thread_blocked, id=15696, stack(0x0000000025630000,0x0000000025730000)]
  0x000000001a820000 JavaThread "jar transforms Thread 13" [_thread_blocked, id=7084, stack(0x0000000025530000,0x0000000025630000)]
  0x000000001a81f000 JavaThread "jar transforms Thread 12" [_thread_blocked, id=18744, stack(0x0000000025430000,0x0000000025530000)]
  0x000000001a81e800 JavaThread "jar transforms Thread 11" [_thread_blocked, id=7472, stack(0x0000000025330000,0x0000000025430000)]
  0x000000001ca1a800 JavaThread "jar transforms Thread 10" [_thread_blocked, id=15784, stack(0x0000000025230000,0x0000000025330000)]
  0x000000001ca1a000 JavaThread "jar transforms Thread 9" [_thread_blocked, id=2984, stack(0x0000000025130000,0x0000000025230000)]
  0x000000001ca20800 JavaThread "jar transforms Thread 8" [_thread_blocked, id=16892, stack(0x0000000025030000,0x0000000025130000)]
  0x000000001ca20000 JavaThread "jar transforms Thread 7" [_thread_blocked, id=2212, stack(0x0000000024f30000,0x0000000025030000)]
  0x000000001ca1e800 JavaThread "jar transforms Thread 6" [_thread_blocked, id=17860, stack(0x0000000024e30000,0x0000000024f30000)]
  0x000000001ca1d800 JavaThread "jar transforms Thread 5" [_thread_blocked, id=13680, stack(0x0000000024d30000,0x0000000024e30000)]
  0x000000001ca1d000 JavaThread "jar transforms Thread 4" [_thread_blocked, id=18648, stack(0x0000000024c30000,0x0000000024d30000)]
  0x000000001ca1f000 JavaThread "jar transforms Thread 3" [_thread_blocked, id=5324, stack(0x0000000024b30000,0x0000000024c30000)]
  0x000000001ca1c000 JavaThread "jar transforms Thread 2" [_thread_blocked, id=3680, stack(0x0000000024a30000,0x0000000024b30000)]
  0x000000001ca1b800 JavaThread "Build operations Thread 8" [_thread_blocked, id=4956, stack(0x0000000024930000,0x0000000024a30000)]
  0x000000001ca12800 JavaThread "Build operations Thread 7" [_thread_blocked, id=13564, stack(0x0000000024830000,0x0000000024930000)]
  0x000000001ca14800 JavaThread "Build operations Thread 6" [_thread_blocked, id=15732, stack(0x0000000024730000,0x0000000024830000)]
  0x000000001ca19000 JavaThread "Build operations Thread 5" [_thread_blocked, id=16572, stack(0x0000000024630000,0x0000000024730000)]
  0x000000001ca18800 JavaThread "Build operations Thread 4" [_thread_blocked, id=17368, stack(0x0000000024530000,0x0000000024630000)]
  0x000000001ca11800 JavaThread "Build operations Thread 3" [_thread_blocked, id=1876, stack(0x0000000024430000,0x0000000024530000)]
  0x000000001ca16000 JavaThread "Build operations Thread 2" [_thread_blocked, id=14452, stack(0x0000000024330000,0x0000000024430000)]
  0x000000001ca15800 JavaThread "Build operations" [_thread_blocked, id=2596, stack(0x0000000023fd0000,0x00000000240d0000)]
  0x000000001c69b000 JavaThread "Cache worker for file content cache (C:\Users\DELL\.gradle\caches\6.5\fileContent)" [_thread_blocked, id=15760, stack(0x0000000022b00000,0x0000000022c00000)]
  0x000000001c69a800 JavaThread "jar transforms" [_thread_blocked, id=15420, stack(0x0000000022a00000,0x0000000022b00000)]
  0x000000001c698000 JavaThread "Cache worker for execution history cache (C:\Users\DELL\.gradle\caches\6.5\executionHistory)" [_thread_blocked, id=10280, stack(0x0000000022200000,0x0000000022300000)]
  0x000000001c699800 JavaThread "Cache worker for cache directory md-rule (C:\Users\DELL\.gradle\caches\6.5\md-rule)" [_thread_blocked, id=9376, stack(0x0000000022100000,0x0000000022200000)]
  0x000000001c69d800 JavaThread "Cache worker for cache directory md-supplier (C:\Users\DELL\.gradle\caches\6.5\md-supplier)" [_thread_blocked, id=16120, stack(0x0000000020db0000,0x0000000020eb0000)]
  0x000000001c69e000 JavaThread "Cache worker for checksums cache (D:\Study\year 3\Semester 2\Android\Trip-Planner\TravelPlanner\.gradle\checksums)" [_thread_blocked, id=19400, stack(0x0000000020cb0000,0x0000000020db0000)]
  0x000000001c69c800 JavaThread "Cache worker for file hash cache (D:\Study\year 3\Semester 2\Android\Trip-Planner\TravelPlanner\.gradle\6.5\fileHashes)" [_thread_blocked, id=14280, stack(0x0000000022500000,0x0000000022600000)]
  0x000000001c69f000 JavaThread "Cache worker for file hash cache (C:\Users\DELL\.gradle\caches\6.5\fileHashes)" [_thread_blocked, id=13836, stack(0x000000001e810000,0x000000001e910000)]
  0x000000001c69c000 JavaThread "File lock request listener" [_thread_in_native, id=16220, stack(0x000000001e710000,0x000000001e810000)]
  0x000000001c8e2800 JavaThread "Cache worker for journal cache (C:\Users\DELL\.gradle\caches\journal-1)" [_thread_blocked, id=17168, stack(0x000000001e610000,0x000000001e710000)]
  0x000000001c7f5800 JavaThread "Thread-9" [_thread_blocked, id=4276, stack(0x000000001e310000,0x000000001e410000)]
  0x000000001c80e800 JavaThread "Stdin handler" [_thread_blocked, id=1740, stack(0x000000001e210000,0x000000001e310000)]
  0x000000001c76c800 JavaThread "Asynchronous log dispatcher for DefaultDaemonConnection: socket connection from /127.0.0.1:53498 to /127.0.0.1:53499" [_thread_blocked, id=4212, stack(0x000000001e110000,0x000000001e210000)]
  0x000000001c76b000 JavaThread "Daemon worker" [_thread_blocked, id=15912, stack(0x000000001e010000,0x000000001e110000)]
  0x000000001c768000 JavaThread "Cancel handler" [_thread_blocked, id=15608, stack(0x000000001de10000,0x000000001df10000)]
  0x000000001c747000 JavaThread "Handler for socket connection from /127.0.0.1:53498 to /127.0.0.1:53499" [_thread_in_native, id=15660, stack(0x000000001dd10000,0x000000001de10000)]
  0x000000001c748800 JavaThread "Daemon" [_thread_blocked, id=14380, stack(0x000000001dc10000,0x000000001dd10000)]
  0x000000001c7dd000 JavaThread "Daemon periodic checks" [_thread_blocked, id=15456, stack(0x000000001d910000,0x000000001da10000)]
  0x000000001c794800 JavaThread "Incoming local TCP Connector on port 53498" [_thread_in_native, id=15944, stack(0x000000001d6d0000,0x000000001d7d0000)]
  0x000000001c6a8800 JavaThread "Daemon health stats" [_thread_blocked, id=18400, stack(0x000000001be80000,0x000000001bf80000)]
  0x0000000019877000 JavaThread "Service Thread" daemon [_thread_blocked, id=5724, stack(0x000000001a4b0000,0x000000001a5b0000)]
  0x00000000197ec000 JavaThread "C1 CompilerThread3" daemon [_thread_in_native, id=18236, stack(0x000000001a3b0000,0x000000001a4b0000)]
  0x00000000197e7800 JavaThread "C2 CompilerThread2" daemon [_thread_in_native, id=1252, stack(0x000000001a2b0000,0x000000001a3b0000)]
  0x00000000179dc000 JavaThread "C2 CompilerThread1" daemon [_thread_in_native, id=11880, stack(0x000000001a1b0000,0x000000001a2b0000)]
=>0x00000000197e6000 JavaThread "C2 CompilerThread0" daemon [_thread_in_native, id=2504, stack(0x000000001a0b0000,0x000000001a1b0000)]
  0x00000000197e3800 JavaThread "Attach Listener" daemon [_thread_blocked, id=14432, stack(0x0000000019fb0000,0x000000001a0b0000)]
  0x00000000197e2800 JavaThread "Signal Dispatcher" daemon [_thread_blocked, id=12764, stack(0x0000000019eb0000,0x0000000019fb0000)]
  0x000000000295e000 JavaThread "Finalizer" daemon [_thread_blocked, id=12580, stack(0x0000000019cb0000,0x0000000019db0000)]
  0x0000000002957000 JavaThread "Reference Handler" daemon [_thread_blocked, id=15480, stack(0x0000000019bb0000,0x0000000019cb0000)]
  0x0000000002862800 JavaThread "main" [_thread_blocked, id=18304, stack(0x00000000026a0000,0x00000000027a0000)]

Other Threads:
  0x00000000179c6800 VMThread [stack: 0x00000000196b0000,0x00000000197b0000] [id=18224]
  0x0000000019878000 WatcherThread [stack: 0x000000001a5b0000,0x000000001a6b0000] [id=15888]

VM state:not at safepoint (normal execution)

VM Mutex/Monitor currently owned by a thread: None

heap address: 0x0000000080000000, size: 2048 MB, Compressed Oops mode: 32-bit
Narrow klass base: 0x0000000000000000, Narrow klass shift: 3
Compressed class space size: 1073741824 Address: 0x0000000100000000

Heap:
 PSYoungGen      total 333824K, used 213390K [0x00000000d5580000, 0x00000000ebc00000, 0x0000000100000000)
  eden space 315392K, 67% used [0x00000000d5580000,0x00000000e25e3990,0x00000000e8980000)
  from space 18432K, 0% used [0x00000000ea200000,0x00000000ea200000,0x00000000eb400000)
  to   space 25088K, 0% used [0x00000000e8980000,0x00000000e8980000,0x00000000ea200000)
 ParOldGen       total 142848K, used 39160K [0x0000000080000000, 0x0000000088b80000, 0x00000000d5580000)
  object space 142848K, 27% used [0x0000000080000000,0x000000008263e250,0x0000000088b80000)
 Metaspace       used 64373K, capacity 67668K, committed 67992K, reserved 1107968K
  class space    used 8893K, capacity 9528K, committed 9648K, reserved 1048576K

Card table byte_map: [0x0000000011d20000,0x0000000012130000] byte_map_base: 0x0000000011920000

Marking Bits: (ParMarkBitMap*) 0x0000000057e4f030
 Begin Bits: [0x0000000012be0000, 0x0000000014be0000)
 End Bits:   [0x0000000014be0000, 0x0000000016be0000)

Polling page: 0x00000000005f0000

CodeCache: size=245760Kb used=21774Kb max_used=21774Kb free=223985Kb
 bounds [0x0000000002960000, 0x0000000003ec0000, 0x0000000011960000]
 total_blobs=7550 nmethods=6767 adapters=696
 compilation: enabled

Compilation events (10 events):
Event: 9.979 Thread 0x00000000197ec000 7697       3       com.google.common.base.Splitter$1$1::separatorStart (16 bytes)
Event: 9.979 Thread 0x00000000197ec000 nmethod 7697 0x0000000003ea8810 code [0x0000000003ea8980, 0x0000000003ea8ba8]
Event: 9.979 Thread 0x00000000197ec000 7698       3       com.google.common.base.AbstractIterator::next (34 bytes)
Event: 9.980 Thread 0x00000000197ec000 nmethod 7698 0x0000000003ea8210 code [0x0000000003ea83a0, 0x0000000003ea86d8]
Event: 9.980 Thread 0x00000000197ec000 7699       3       com.google.common.base.Splitter$1$1::separatorEnd (4 bytes)
Event: 9.980 Thread 0x00000000197ec000 nmethod 7699 0x0000000003ea7ed0 code [0x0000000003ea8020, 0x0000000003ea8170]
Event: 9.986 Thread 0x00000000197ec000 7700       3       sun.misc.URLClassPath$1::next (63 bytes)
Event: 9.987 Thread 0x00000000197ec000 nmethod 7700 0x0000000003eac4d0 code [0x0000000003eac660, 0x0000000003eaca98]
Event: 9.989 Thread 0x00000000197ec000 7701       3       org.gradle.internal.snapshot.impl.DefaultValueSnapshotter::processValue (657 bytes)
Event: 9.995 Thread 0x00000000197ec000 nmethod 7701 0x0000000003eacc10 code [0x0000000003ead560, 0x0000000003eb4638]

GC Heap History (10 events):
Event: 3.753 GC heap before
{Heap before GC invocations=7 (full 1):
 PSYoungGen      total 140800K, used 40468K [0x00000000d5580000, 0x00000000e4900000, 0x0000000100000000)
  eden space 130048K, 22% used [0x00000000d5580000,0x00000000d72871e8,0x00000000dd480000)
  from space 10752K, 99% used [0x00000000dd480000,0x00000000ddefe138,0x00000000ddf00000)
  to   space 15872K, 0% used [0x00000000e3980000,0x00000000e3980000,0x00000000e4900000)
 ParOldGen       total 92672K, used 10410K [0x0000000080000000, 0x0000000085a80000, 0x00000000d5580000)
  object space 92672K, 11% used [0x0000000080000000,0x0000000080a2a848,0x0000000085a80000)
 Metaspace       used 34270K, capacity 35398K, committed 35496K, reserved 1079296K
  class space    used 4716K, capacity 5002K, committed 5040K, reserved 1048576K
Event: 3.761 GC heap after
Heap after GC invocations=7 (full 1):
 PSYoungGen      total 233984K, used 8167K [0x00000000d5580000, 0x00000000e4b00000, 0x0000000100000000)
  eden space 218112K, 0% used [0x00000000d5580000,0x00000000d5580000,0x00000000e2a80000)
  from space 15872K, 51% used [0x00000000e3980000,0x00000000e4179ef0,0x00000000e4900000)
  to   space 15360K, 0% used [0x00000000e2a80000,0x00000000e2a80000,0x00000000e3980000)
 ParOldGen       total 92672K, used 10418K [0x0000000080000000, 0x0000000085a80000, 0x00000000d5580000)
  object space 92672K, 11% used [0x0000000080000000,0x0000000080a2c848,0x0000000085a80000)
 Metaspace       used 34270K, capacity 35398K, committed 35496K, reserved 1079296K
  class space    used 4716K, capacity 5002K, committed 5040K, reserved 1048576K
}
Event: 3.761 GC heap before
{Heap before GC invocations=8 (full 2):
 PSYoungGen      total 233984K, used 8167K [0x00000000d5580000, 0x00000000e4b00000, 0x0000000100000000)
  eden space 218112K, 0% used [0x00000000d5580000,0x00000000d5580000,0x00000000e2a80000)
  from space 15872K, 51% used [0x00000000e3980000,0x00000000e4179ef0,0x00000000e4900000)
  to   space 15360K, 0% used [0x00000000e2a80000,0x00000000e2a80000,0x00000000e3980000)
 ParOldGen       total 92672K, used 10418K [0x0000000080000000, 0x0000000085a80000, 0x00000000d5580000)
  object space 92672K, 11% used [0x0000000080000000,0x0000000080a2c848,0x0000000085a80000)
 Metaspace       used 34270K, capacity 35398K, committed 35496K, reserved 1079296K
  class space    used 4716K, capacity 5002K, committed 5040K, reserved 1048576K
Event: 3.813 GC heap after
Heap after GC invocations=8 (full 2):
 PSYoungGen      total 233984K, used 0K [0x00000000d5580000, 0x00000000e4b00000, 0x0000000100000000)
  eden space 218112K, 0% used [0x00000000d5580000,0x00000000d5580000,0x00000000e2a80000)
  from space 15872K, 0% used [0x00000000e3980000,0x00000000e3980000,0x00000000e4900000)
  to   space 15360K, 0% used [0x00000000e2a80000,0x00000000e2a80000,0x00000000e3980000)
 ParOldGen       total 142848K, used 14610K [0x0000000080000000, 0x0000000088b80000, 0x00000000d5580000)
  object space 142848K, 10% used [0x0000000080000000,0x0000000080e448c8,0x0000000088b80000)
 Metaspace       used 34270K, capacity 35398K, committed 35496K, reserved 1079296K
  class space    used 4716K, capacity 5002K, committed 5040K, reserved 1048576K
}
Event: 5.314 GC heap before
{Heap before GC invocations=9 (full 2):
 PSYoungGen      total 233984K, used 218112K [0x00000000d5580000, 0x00000000e4b00000, 0x0000000100000000)
  eden space 218112K, 100% used [0x00000000d5580000,0x00000000e2a80000,0x00000000e2a80000)
  from space 15872K, 0% used [0x00000000e3980000,0x00000000e3980000,0x00000000e4900000)
  to   space 15360K, 0% used [0x00000000e2a80000,0x00000000e2a80000,0x00000000e3980000)
 ParOldGen       total 142848K, used 14610K [0x0000000080000000, 0x0000000088b80000, 0x00000000d5580000)
  object space 142848K, 10% used [0x0000000080000000,0x0000000080e448c8,0x0000000088b80000)
 Metaspace       used 46016K, capacity 47864K, committed 48168K, reserved 1091584K
  class space    used 6225K, capacity 6624K, committed 6704K, reserved 1048576K
Event: 5.332 GC heap after
Heap after GC invocations=9 (full 2):
 PSYoungGen      total 233472K, used 15343K [0x00000000d5580000, 0x00000000eb400000, 0x0000000100000000)
  eden space 218112K, 0% used [0x00000000d5580000,0x00000000d5580000,0x00000000e2a80000)
  from space 15360K, 99% used [0x00000000e2a80000,0x00000000e397bda8,0x00000000e3980000)
  to   space 18432K, 0% used [0x00000000ea200000,0x00000000ea200000,0x00000000eb400000)
 ParOldGen       total 142848K, used 16977K [0x0000000080000000, 0x0000000088b80000, 0x00000000d5580000)
  object space 142848K, 11% used [0x0000000080000000,0x0000000081094520,0x0000000088b80000)
 Metaspace       used 46016K, capacity 47864K, committed 48168K, reserved 1091584K
  class space    used 6225K, capacity 6624K, committed 6704K, reserved 1048576K
}
Event: 6.830 GC heap before
{Heap before GC invocations=10 (full 2):
 PSYoungGen      total 233472K, used 182008K [0x00000000d5580000, 0x00000000eb400000, 0x0000000100000000)
  eden space 218112K, 76% used [0x00000000d5580000,0x00000000df8425b8,0x00000000e2a80000)
  from space 15360K, 99% used [0x00000000e2a80000,0x00000000e397bda8,0x00000000e3980000)
  to   space 18432K, 0% used [0x00000000ea200000,0x00000000ea200000,0x00000000eb400000)
 ParOldGen       total 142848K, used 16977K [0x0000000080000000, 0x0000000088b80000, 0x00000000d5580000)
  object space 142848K, 11% used [0x0000000080000000,0x0000000081094520,0x0000000088b80000)
 Metaspace       used 56537K, capacity 58968K, committed 59160K, reserved 1099776K
  class space    used 7735K, capacity 8216K, committed 8240K, reserved 1048576K
Event: 6.853 GC heap after
Heap after GC invocations=10 (full 2):
 PSYoungGen      total 333824K, used 18412K [0x00000000d5580000, 0x00000000ebc00000, 0x0000000100000000)
  eden space 315392K, 0% used [0x00000000d5580000,0x00000000d5580000,0x00000000e8980000)
  from space 18432K, 99% used [0x00000000ea200000,0x00000000eb3fb310,0x00000000eb400000)
  to   space 25088K, 0% used [0x00000000e8980000,0x00000000e8980000,0x00000000ea200000)
 ParOldGen       total 142848K, used 25879K [0x0000000080000000, 0x0000000088b80000, 0x00000000d5580000)
  object space 142848K, 18% used [0x0000000080000000,0x0000000081945c18,0x0000000088b80000)
 Metaspace       used 56537K, capacity 58968K, committed 59160K, reserved 1099776K
  class space    used 7735K, capacity 8216K, committed 8240K, reserved 1048576K
}
Event: 6.854 GC heap before
{Heap before GC invocations=11 (full 3):
 PSYoungGen      total 333824K, used 18412K [0x00000000d5580000, 0x00000000ebc00000, 0x0000000100000000)
  eden space 315392K, 0% used [0x00000000d5580000,0x00000000d5580000,0x00000000e8980000)
  from space 18432K, 99% used [0x00000000ea200000,0x00000000eb3fb310,0x00000000eb400000)
  to   space 25088K, 0% used [0x00000000e8980000,0x00000000e8980000,0x00000000ea200000)
 ParOldGen       total 142848K, used 25879K [0x0000000080000000, 0x0000000088b80000, 0x00000000d5580000)
  object space 142848K, 18% used [0x0000000080000000,0x0000000081945c18,0x0000000088b80000)
 Metaspace       used 56537K, capacity 58968K, committed 59160K, reserved 1099776K
  class space    used 7735K, capacity 8216K, committed 8240K, reserved 1048576K
Event: 7.100 GC heap after
Heap after GC invocations=11 (full 3):
 PSYoungGen      total 333824K, used 0K [0x00000000d5580000, 0x00000000ebc00000, 0x0000000100000000)
  eden space 315392K, 0% used [0x00000000d5580000,0x00000000d5580000,0x00000000e8980000)
  from space 18432K, 0% used [0x00000000ea200000,0x00000000ea200000,0x00000000eb400000)
  to   space 25088K, 0% used [0x00000000e8980000,0x00000000e8980000,0x00000000ea200000)
 ParOldGen       total 142848K, used 39160K [0x0000000080000000, 0x0000000088b80000, 0x00000000d5580000)
  object space 142848K, 27% used [0x0000000080000000,0x000000008263e250,0x0000000088b80000)
 Metaspace       used 56498K, capacity 58836K, committed 59160K, reserved 1099776K
  class space    used 7722K, capacity 8194K, committed 8240K, reserved 1048576K
}

Deoptimization events (10 events):
Event: 8.840 Thread 0x000000001c698000 Uncommon trap: reason=unstable_if action=reinterpret pc=0x0000000002d1573c method=com.esotericsoftware.kryo.io.Input.readVarInt(Z)I @ 42
Event: 8.841 Thread 0x000000001c698000 Uncommon trap: reason=unstable_if action=reinterpret pc=0x0000000002c79f00 method=com.esotericsoftware.kryo.io.Input.readString()Ljava/lang/String; @ 38
Event: 8.914 Thread 0x000000001c698000 Uncommon trap: reason=unstable_if action=reinterpret pc=0x0000000002d0f268 method=com.esotericsoftware.kryo.io.Input.readVarInt(Z)I @ 42
Event: 8.977 Thread 0x00000000234a0000 Uncommon trap: reason=unstable_if action=reinterpret pc=0x000000000395271c method=java.util.concurrent.ConcurrentHashMap.addCount(JI)V @ 97
Event: 8.995 Thread 0x000000001ca12800 Uncommon trap: reason=unstable_if action=reinterpret pc=0x0000000003873dcc method=java.util.concurrent.ConcurrentHashMap.addCount(JI)V @ 97
Event: 9.792 Thread 0x00000000234a0000 Uncommon trap: reason=class_check action=maybe_recompile pc=0x0000000003e75ac4 method=java.util.stream.Sink$ChainedReference.<init>(Ljava/util/stream/Sink;)V @ 9
Event: 9.792 Thread 0x00000000234a0000 Uncommon trap: reason=class_check action=maybe_recompile pc=0x0000000003e75ac4 method=java.util.stream.Sink$ChainedReference.<init>(Ljava/util/stream/Sink;)V @ 9
Event: 9.792 Thread 0x00000000234a0000 Uncommon trap: reason=class_check action=maybe_recompile pc=0x0000000003e75ac4 method=java.util.stream.Sink$ChainedReference.<init>(Ljava/util/stream/Sink;)V @ 9
Event: 9.793 Thread 0x00000000234a0000 Uncommon trap: reason=class_check action=maybe_recompile pc=0x0000000003e75ac4 method=java.util.stream.Sink$ChainedReference.<init>(Ljava/util/stream/Sink;)V @ 9
Event: 9.974 Thread 0x00000000234a0000 Uncommon trap: reason=class_check action=maybe_recompile pc=0x0000000002c8d848 method=java.util.HashMap.putVal(ILjava/lang/Object;Ljava/lang/Object;ZZ)Ljava/lang/Object; @ 203

Classes redefined (0 events):
No events

Internal exceptions (10 events):
Event: 8.680 Thread 0x000000001ca16000 Exception <a 'java/lang/NoSuchMethodError': java.lang.Object.lambda$flatMap$4(Ljava/util/function/Function;)Lorg/gradle/api/internal/artifacts/transform/CacheableInvocation;> (0x00000000dbb78600) thrown at [C:\src\AOSP-openjdk-git\hotspot\src\share\vm\int
Event: 8.680 Thread 0x000000001ca11800 Exception <a 'java/lang/NoSuchMethodError': java.lang.Object.lambda$flatMap$4(Ljava/util/function/Function;)Lorg/gradle/api/internal/artifacts/transform/CacheableInvocation;> (0x00000000dbd89868) thrown at [C:\src\AOSP-openjdk-git\hotspot\src\share\vm\int
Event: 8.680 Thread 0x000000001ca19000 Exception <a 'java/lang/NoSuchMethodError': java.lang.Object.lambda$flatMap$3(Ljava/util/function/Function;)Lorg/gradle/internal/Try;> (0x00000000dc082840) thrown at [C:\src\AOSP-openjdk-git\hotspot\src\share\vm\interpreter\linkResolver.cpp, line 620]
Event: 8.680 Thread 0x000000001ca18800 Exception <a 'java/lang/NoSuchMethodError': java.lang.Object.lambda$flatMap$3(Ljava/util/function/Function;)Lorg/gradle/internal/Try;> (0x00000000dbc7e190) thrown at [C:\src\AOSP-openjdk-git\hotspot\src\share\vm\interpreter\linkResolver.cpp, line 620]
Event: 8.752 Thread 0x000000001ca16000 Exception <a 'java/lang/NoSuchMethodError': java.lang.Object.lambda$flatMap$2(Ljava/util/function/Function;Ljava/lang/Object;)Lorg/gradle/internal/Try;> (0x00000000dc476e80) thrown at [C:\src\AOSP-openjdk-git\hotspot\src\share\vm\interpreter\linkResolver.
Event: 8.752 Thread 0x000000001ca15800 Exception <a 'java/lang/NoSuchMethodError': java.lang.Object.lambda$flatMap$2(Ljava/util/function/Function;Ljava/lang/Object;)Lorg/gradle/internal/Try;> (0x00000000dc30a590) thrown at [C:\src\AOSP-openjdk-git\hotspot\src\share\vm\interpreter\linkResolver.
Event: 8.752 Thread 0x00000000234a0000 Exception <a 'java/lang/NoSuchMethodError': java.lang.Object.lambda$flatMap$2(Ljava/util/function/Function;Ljava/lang/Object;)Lorg/gradle/internal/Try;> (0x00000000dc763150) thrown at [C:\src\AOSP-openjdk-git\hotspot\src\share\vm\interpreter\linkResolver.
Event: 8.752 Thread 0x000000001ca19000 Exception <a 'java/lang/NoSuchMethodError': java.lang.Object.lambda$flatMap$2(Ljava/util/function/Function;Ljava/lang/Object;)Lorg/gradle/internal/Try;> (0x00000000dc976f90) thrown at [C:\src\AOSP-openjdk-git\hotspot\src\share\vm\interpreter\linkResolver.
Event: 8.752 Thread 0x000000001ca18800 Exception <a 'java/lang/NoSuchMethodError': java.lang.Object.lambda$flatMap$2(Ljava/util/function/Function;Ljava/lang/Object;)Lorg/gradle/internal/Try;> (0x00000000dc8f3f60) thrown at [C:\src\AOSP-openjdk-git\hotspot\src\share\vm\interpreter\linkResolver.
Event: 9.648 Thread 0x00000000234a0000 Exception <a 'java/lang/NoSuchMethodError': java.lang.Object.lambda$flatMap$0(Ljava/lang/Throwable;)Lorg/gradle/api/internal/artifacts/transform/CacheableInvocation;> (0x00000000e127b290) thrown at [C:\src\AOSP-openjdk-git\hotspot\src\share\vm\interpreter

Events (10 events):
Event: 9.994 loading class com/android/build/gradle/internal/tasks/Workers
Event: 9.994 loading class com/android/build/gradle/internal/tasks/Workers done
Event: 9.995 loading class com/android/build/gradle/internal/tasks/Workers$WorkerExecutorAdapter
Event: 9.995 loading class com/android/build/gradle/internal/tasks/Workers$WorkerExecutorAdapter done
Event: 9.996 loading class org/gradle/workers/WorkerExecutionException
Event: 9.996 loading class org/gradle/workers/WorkerExecutionException done
Event: 9.996 loading class com/android/build/gradle/internal/tasks/Workers$WorkerExecutorAdapter$taskRecord$2
Event: 9.996 loading class com/android/build/gradle/internal/tasks/Workers$WorkerExecutorAdapter$taskRecord$2 done
Event: 9.997 loading class com/google/common/io/Closer
Event: 9.997 loading class com/google/common/io/Closer done


Dynamic libraries:
0x00007ff762eb0000 - 0x00007ff762ee1000 	C:\Program Files\Android\Android Studio\jre\bin\java.exe
0x00007ffda5ca0000 - 0x00007ffda5e90000 	C:\WINDOWS\SYSTEM32\ntdll.dll
0x00007ffda41b0000 - 0x00007ffda4262000 	C:\WINDOWS\System32\KERNEL32.DLL
0x00007ffda37a0000 - 0x00007ffda3a45000 	C:\WINDOWS\System32\KERNELBASE.dll
0x00007ffda3dd0000 - 0x00007ffda3e73000 	C:\WINDOWS\System32\ADVAPI32.dll
0x00007ffda4470000 - 0x00007ffda450e000 	C:\WINDOWS\System32\msvcrt.dll
0x00007ffda4ba0000 - 0x00007ffda4c37000 	C:\WINDOWS\System32\sechost.dll
0x00007ffda3fd0000 - 0x00007ffda40ef000 	C:\WINDOWS\System32\RPCRT4.dll
0x00007ffda5650000 - 0x00007ffda57e4000 	C:\WINDOWS\System32\USER32.dll
0x00007ffda3bd0000 - 0x00007ffda3bf1000 	C:\WINDOWS\System32\win32u.dll
0x00007ffda4440000 - 0x00007ffda4466000 	C:\WINDOWS\System32\GDI32.dll
0x00007ffda2c10000 - 0x00007ffda2da8000 	C:\WINDOWS\System32\gdi32full.dll
0x00007ffda3c50000 - 0x00007ffda3cee000 	C:\WINDOWS\System32\msvcp_win.dll
0x00007ffda36a0000 - 0x00007ffda379a000 	C:\WINDOWS\System32\ucrtbase.dll
0x00007ffd89640000 - 0x00007ffd898c4000 	C:\WINDOWS\WinSxS\amd64_microsoft.windows.common-controls_6595b64144ccf1df_6.0.18362.1440_none_9e7dbfb9e45e8e67\COMCTL32.dll
0x00007ffda5920000 - 0x00007ffda5c56000 	C:\WINDOWS\System32\combase.dll
0x00007ffda2e60000 - 0x00007ffda2ee1000 	C:\WINDOWS\System32\bcryptPrimitives.dll
0x00007ffda53c0000 - 0x00007ffda53ee000 	C:\WINDOWS\System32\IMM32.DLL
0x00000000574c0000 - 0x0000000057592000 	C:\Program Files\Android\Android Studio\jre\jre\bin\msvcr100.dll
0x0000000057680000 - 0x0000000057ecb000 	C:\Program Files\Android\Android Studio\jre\jre\bin\server\jvm.dll
0x00007ffda54c0000 - 0x00007ffda54c8000 	C:\WINDOWS\System32\PSAPI.DLL
0x00007ffd8c4f0000 - 0x00007ffd8c4f9000 	C:\WINDOWS\SYSTEM32\WSOCK32.dll
0x00007ffd9f410000 - 0x00007ffd9f434000 	C:\WINDOWS\SYSTEM32\WINMM.dll
0x00007ffd99020000 - 0x00007ffd9902a000 	C:\WINDOWS\SYSTEM32\VERSION.dll
0x00007ffda43d0000 - 0x00007ffda443f000 	C:\WINDOWS\System32\WS2_32.dll
0x00007ffd9f3e0000 - 0x00007ffd9f40d000 	C:\WINDOWS\SYSTEM32\winmmbase.dll
0x00007ffda3c00000 - 0x00007ffda3c4a000 	C:\WINDOWS\System32\cfgmgr32.dll
0x00007ffd9efb0000 - 0x00007ffd9efbf000 	C:\Program Files\Android\Android Studio\jre\jre\bin\verify.dll
0x00007ffd9eeb0000 - 0x00007ffd9eed9000 	C:\Program Files\Android\Android Studio\jre\jre\bin\java.dll
0x00007ffd7fd90000 - 0x00007ffd7fda6000 	C:\Program Files\Android\Android Studio\jre\jre\bin\zip.dll
0x00007ffda4cd0000 - 0x00007ffda53b8000 	C:\WINDOWS\System32\SHELL32.dll
0x00007ffda55a0000 - 0x00007ffda5647000 	C:\WINDOWS\System32\shcore.dll
0x00007ffda2f20000 - 0x00007ffda369b000 	C:\WINDOWS\System32\windows.storage.dll
0x00007ffda2bd0000 - 0x00007ffda2bee000 	C:\WINDOWS\System32\profapi.dll
0x00007ffda2b60000 - 0x00007ffda2baa000 	C:\WINDOWS\System32\powrprof.dll
0x00007ffda2b50000 - 0x00007ffda2b60000 	C:\WINDOWS\System32\UMPDC.dll
0x00007ffda57f0000 - 0x00007ffda5842000 	C:\WINDOWS\System32\shlwapi.dll
0x00007ffda2bb0000 - 0x00007ffda2bc1000 	C:\WINDOWS\System32\kernel.appcore.dll
0x00007ffda3a50000 - 0x00007ffda3a67000 	C:\WINDOWS\System32\cryptsp.dll
0x00007ffd7d010000 - 0x00007ffd7d02a000 	C:\Program Files\Android\Android Studio\jre\jre\bin\net.dll
0x00007ffda2390000 - 0x00007ffda23f7000 	C:\WINDOWS\system32\mswsock.dll
0x00007ffd7cff0000 - 0x00007ffd7d003000 	C:\Program Files\Android\Android Studio\jre\jre\bin\nio.dll
0x00007ffd75c20000 - 0x00007ffd75c47000 	C:\Users\DELL\.gradle\native\f6784746aeab05261644944871eae4fe03e0ef1612fff0a4a95f87b438bc6780\windows-amd64\native-platform.dll
0x00007ffd94ff0000 - 0x00007ffd94ffd000 	C:\Program Files\Android\Android Studio\jre\jre\bin\management.dll
0x00007ffda1eb0000 - 0x00007ffda1ee3000 	C:\WINDOWS\system32\rsaenh.dll
0x00007ffda2ef0000 - 0x00007ffda2f16000 	C:\WINDOWS\System32\bcrypt.dll
0x00007ffda2a30000 - 0x00007ffda2a55000 	C:\WINDOWS\SYSTEM32\USERENV.dll
0x00007ffda2560000 - 0x00007ffda256c000 	C:\WINDOWS\SYSTEM32\CRYPTBASE.dll
0x00007ffda20a0000 - 0x00007ffda20da000 	C:\WINDOWS\SYSTEM32\IPHLPAPI.DLL
0x00007ffda3fc0000 - 0x00007ffda3fc8000 	C:\WINDOWS\System32\NSI.dll
0x00007ffd94730000 - 0x00007ffd94746000 	C:\WINDOWS\SYSTEM32\dhcpcsvc6.DLL
0x00007ffd94710000 - 0x00007ffd9472c000 	C:\WINDOWS\SYSTEM32\dhcpcsvc.DLL
0x00007ffda20e0000 - 0x00007ffda21ab000 	C:\WINDOWS\SYSTEM32\DNSAPI.dll
0x00007ffd9c6e0000 - 0x00007ffd9c6eb000 	C:\WINDOWS\SYSTEM32\WINNSI.DLL

VM Arguments:
jvm_args: -Xmx2048m -Dfile.encoding=UTF-8 -Duser.country=US -Duser.language=en -Duser.variant 
java_command: org.gradle.launcher.daemon.bootstrap.GradleDaemon 6.5
java_class_path (initial): C:\Users\DELL\.gradle\wrapper\dists\gradle-6.5-all\2oz4ud9k3tuxjg84bbf55q0tn\gradle-6.5\lib\gradle-launcher-6.5.jar
Launcher Type: SUN_STANDARD

Environment Variables:
PATH=C:\Program Files (x86)\Razer\ChromaBroadcast\bin;C:\Program Files\Razer\ChromaBroadcast\bin;C:\Program Files\Common Files\Oracle\Java\javapath;C:\Program Files (x86)\Common Files\Oracle\Java\javapath;C:\WINDOWS\system32;C:\WINDOWS;C:\WINDOWS\System32\Wbem;C:\WINDOWS\System32\WindowsPowerShell\v1.0\;C:\WINDOWS\System32\OpenSSH\;C:\Program Files\dotnet\;C:\Program Files (x86)\Intel\Intel(R) Management Engine Components\DAL;C:\Program Files\Intel\Intel(R) Management Engine Components\DAL;C:\Program Files\Git\cmd;C:\MinGW\bin;C:\Program Files\nodejs\;C:\Program Files (x86)\dotnet\;C:\Program Files\MySQL\MySQL Shell 8.0\bin\;C:\Users\DELL\AppData\Local\Microsoft\WindowsApps;C:\Users\DELL\AppData\Local\GitHubDesktop\bin;C:\Users\DELL\AppData\Local\Microsoft\WindowsApps;C:\Users\DELL\AppData\Local\Programs\Microsoft VS Code\bin;C:\Program Files (x86)\MySQL\Connector J 8.0;C:\Users\DELL\AppData\Roaming\npm;C:\Program Files\MySQL\MySQL Shell 8.0\bin\;C:\Users\DELL\AppData\Local\Microsoft\WindowsApps;C:\Users\DELL\AppData\Local\GitHubDesktop\bin;C:\Users\DELL\AppData\Local\Microsoft\WindowsApps;C:\Users\DELL\AppData\Local\Programs\Microsoft VS Code\bin;C:\MinGW\bin;C:\Program Files (x86)\MySQL\Connector J 8.0;C:\Users\DELL\AppData\Roaming\npm
USERNAME=DELL
OS=Windows_NT
PROCESSOR_IDENTIFIER=Intel64 Family 6 Model 142 Stepping 10, GenuineIntel



---------------  S Y S T E M  ---------------

OS: Windows 10.0 , 64 bit Build 18362 (10.0.18362.1350)

CPU:total 8 (initial active 8) (4 cores per cpu, 2 threads per core) family 6 model 142 stepping 10, cmov, cx8, fxsr, mmx, sse, sse2, sse3, ssse3, sse4.1, sse4.2, popcnt, avx, avx2, aes, clmul, erms, 3dnowpref, lzcnt, ht, tsc, tscinvbit, bmi1, bmi2, adx

Memory: 4k page, physical 16583412k(3398456k free), swap 17631988k(5124k free)

vm_info: OpenJDK 64-Bit Server VM (25.242-b01) for windows-amd64 JRE (1.8.0_242-release-1644-b01), built by "builder" with MS VC++ 10.0 (VS2010)

time: Sun Apr 04 16:50:34 2021
timezone: SE Asia Standard Time
elapsed time: 10 seconds (0d 0h 0m 10s)

